{"/home/pablo/Documentos/vehicle-dealer-system/frontend/src/main.tsx": {"path":"/home/pablo/Documentos/vehicle-dealer-system/frontend/src/main.tsx","all":true,"statementMap":{"0":{"start":{"line":1,"column":0},"end":{"line":1,"column":35}},"1":{"start":{"line":2,"column":0},"end":{"line":2,"column":46}},"3":{"start":{"line":4,"column":0},"end":{"line":4,"column":32}},"4":{"start":{"line":5,"column":0},"end":{"line":5,"column":21}},"6":{"start":{"line":7,"column":0},"end":{"line":7,"column":52}},"7":{"start":{"line":8,"column":0},"end":{"line":8,"column":14}},"8":{"start":{"line":9,"column":0},"end":{"line":9,"column":11}},"9":{"start":{"line":10,"column":0},"end":{"line":10,"column":15}},"10":{"start":{"line":11,"column":0},"end":{"line":11,"column":2}}},"s":{"0":0,"1":0,"3":0,"4":0,"6":0,"7":0,"8":0,"9":0,"10":0},"branchMap":{"0":{"type":"branch","line":1,"loc":{"start":{"line":1,"column":238},"end":{"line":11,"column":2}},"locations":[{"start":{"line":1,"column":238},"end":{"line":11,"column":2}}]}},"b":{"0":[0]},"fnMap":{"0":{"name":"(empty-report)","decl":{"start":{"line":1,"column":238},"end":{"line":11,"column":2}},"loc":{"start":{"line":1,"column":238},"end":{"line":11,"column":2}},"line":1}},"f":{"0":0}}
,"/home/pablo/Documentos/vehicle-dealer-system/frontend/src/app/App.tsx": {"path":"/home/pablo/Documentos/vehicle-dealer-system/frontend/src/app/App.tsx","all":true,"statementMap":{"0":{"start":{"line":1,"column":0},"end":{"line":1,"column":50}},"5":{"start":{"line":6,"column":0},"end":{"line":6,"column":23}},"6":{"start":{"line":7,"column":0},"end":{"line":7,"column":10}},"7":{"start":{"line":8,"column":0},"end":{"line":8,"column":18}},"8":{"start":{"line":9,"column":0},"end":{"line":9,"column":40}},"9":{"start":{"line":10,"column":0},"end":{"line":10,"column":19}},"11":{"start":{"line":12,"column":0},"end":{"line":12,"column":1}}},"s":{"0":0,"5":0,"6":0,"7":0,"8":0,"9":0,"11":0},"branchMap":{"0":{"type":"branch","line":1,"loc":{"start":{"line":1,"column":264},"end":{"line":12,"column":1}},"locations":[{"start":{"line":1,"column":264},"end":{"line":12,"column":1}}]}},"b":{"0":[0]},"fnMap":{"0":{"name":"(empty-report)","decl":{"start":{"line":1,"column":264},"end":{"line":12,"column":1}},"loc":{"start":{"line":1,"column":264},"end":{"line":12,"column":1}},"line":1}},"f":{"0":0}}
,"/home/pablo/Documentos/vehicle-dealer-system/frontend/src/app/providers.tsx": {"path":"/home/pablo/Documentos/vehicle-dealer-system/frontend/src/app/providers.tsx","all":true,"statementMap":{"0":{"start":{"line":1,"column":0},"end":{"line":1,"column":39}},"8":{"start":{"line":9,"column":0},"end":{"line":9,"column":69}},"9":{"start":{"line":10,"column":0},"end":{"line":10,"column":10}},"10":{"start":{"line":11,"column":0},"end":{"line":11,"column":46}},"11":{"start":{"line":12,"column":0},"end":{"line":12,"column":100}},"12":{"start":{"line":13,"column":0},"end":{"line":13,"column":22}},"13":{"start":{"line":14,"column":0},"end":{"line":14,"column":20}},"14":{"start":{"line":15,"column":0},"end":{"line":15,"column":21}},"15":{"start":{"line":16,"column":0},"end":{"line":16,"column":23}},"16":{"start":{"line":17,"column":0},"end":{"line":17,"column":22}},"17":{"start":{"line":18,"column":0},"end":{"line":18,"column":26}},"19":{"start":{"line":20,"column":0},"end":{"line":20,"column":1}}},"s":{"0":0,"8":0,"9":0,"10":0,"11":0,"12":0,"13":0,"14":0,"15":0,"16":0,"17":0,"19":0},"branchMap":{"0":{"type":"branch","line":1,"loc":{"start":{"line":1,"column":729},"end":{"line":20,"column":1}},"locations":[{"start":{"line":1,"column":729},"end":{"line":20,"column":1}}]}},"b":{"0":[0]},"fnMap":{"0":{"name":"(empty-report)","decl":{"start":{"line":1,"column":729},"end":{"line":20,"column":1}},"loc":{"start":{"line":1,"column":729},"end":{"line":20,"column":1}},"line":1}},"f":{"0":0}}
,"/home/pablo/Documentos/vehicle-dealer-system/frontend/src/modules/auth/api/auth-api.ts": {"path":"/home/pablo/Documentos/vehicle-dealer-system/frontend/src/modules/auth/api/auth-api.ts","all":false,"statementMap":{"0":{"start":{"line":1,"column":0},"end":{"line":1,"column":41}},"3":{"start":{"line":4,"column":0},"end":{"line":4,"column":87}},"4":{"start":{"line":5,"column":0},"end":{"line":5,"column":78}},"5":{"start":{"line":6,"column":0},"end":{"line":6,"column":23}},"6":{"start":{"line":7,"column":0},"end":{"line":7,"column":1}},"8":{"start":{"line":9,"column":0},"end":{"line":9,"column":92}},"9":{"start":{"line":10,"column":0},"end":{"line":10,"column":68}},"10":{"start":{"line":11,"column":0},"end":{"line":11,"column":35}},"11":{"start":{"line":12,"column":0},"end":{"line":12,"column":35}},"12":{"start":{"line":13,"column":0},"end":{"line":13,"column":17}},"13":{"start":{"line":14,"column":0},"end":{"line":14,"column":5}},"14":{"start":{"line":15,"column":0},"end":{"line":15,"column":23}},"15":{"start":{"line":16,"column":0},"end":{"line":16,"column":1}}},"s":{"0":1,"3":2,"4":2,"5":1,"6":1,"8":2,"9":2,"10":2,"11":2,"12":2,"13":2,"14":1,"15":1},"branchMap":{"0":{"type":"branch","line":4,"loc":{"start":{"line":4,"column":0},"end":{"line":7,"column":1}},"locations":[{"start":{"line":4,"column":0},"end":{"line":7,"column":1}}]},"1":{"type":"branch","line":5,"loc":{"start":{"line":5,"column":76},"end":{"line":7,"column":1}},"locations":[{"start":{"line":5,"column":76},"end":{"line":7,"column":1}}]},"2":{"type":"branch","line":9,"loc":{"start":{"line":9,"column":0},"end":{"line":16,"column":1}},"locations":[{"start":{"line":9,"column":0},"end":{"line":16,"column":1}}]},"3":{"type":"branch","line":14,"loc":{"start":{"line":14,"column":3},"end":{"line":16,"column":1}},"locations":[{"start":{"line":14,"column":3},"end":{"line":16,"column":1}}]}},"b":{"0":[2],"1":[1],"2":[2],"3":[1]},"fnMap":{"0":{"name":"loginApi","decl":{"start":{"line":4,"column":0},"end":{"line":7,"column":1}},"loc":{"start":{"line":4,"column":0},"end":{"line":7,"column":1}},"line":4},"1":{"name":"registerApi","decl":{"start":{"line":9,"column":0},"end":{"line":16,"column":1}},"loc":{"start":{"line":9,"column":0},"end":{"line":16,"column":1}},"line":9}},"f":{"0":2,"1":2}}
,"/home/pablo/Documentos/vehicle-dealer-system/frontend/src/modules/auth/api/__tests__/auth-api.test.ts": {"path":"/home/pablo/Documentos/vehicle-dealer-system/frontend/src/modules/auth/api/__tests__/auth-api.test.ts","all":false,"statementMap":{"0":{"start":{"line":1,"column":0},"end":{"line":1,"column":62}},"10":{"start":{"line":11,"column":0},"end":{"line":11,"column":27}},"11":{"start":{"line":12,"column":0},"end":{"line":12,"column":20}},"12":{"start":{"line":13,"column":0},"end":{"line":13,"column":23}},"13":{"start":{"line":14,"column":0},"end":{"line":14,"column":5}},"15":{"start":{"line":16,"column":0},"end":{"line":16,"column":30}},"16":{"start":{"line":17,"column":0},"end":{"line":17,"column":89}},"17":{"start":{"line":18,"column":0},"end":{"line":18,"column":73}},"18":{"start":{"line":19,"column":0},"end":{"line":19,"column":55}},"19":{"start":{"line":20,"column":0},"end":{"line":20,"column":73}},"21":{"start":{"line":22,"column":0},"end":{"line":22,"column":49}},"23":{"start":{"line":24,"column":0},"end":{"line":24,"column":73}},"24":{"start":{"line":25,"column":0},"end":{"line":25,"column":43}},"25":{"start":{"line":26,"column":0},"end":{"line":26,"column":7}},"27":{"start":{"line":28,"column":0},"end":{"line":28,"column":75}},"28":{"start":{"line":29,"column":0},"end":{"line":29,"column":75}},"29":{"start":{"line":30,"column":0},"end":{"line":30,"column":76}},"31":{"start":{"line":32,"column":0},"end":{"line":32,"column":74}},"32":{"start":{"line":33,"column":0},"end":{"line":33,"column":7}},"33":{"start":{"line":34,"column":0},"end":{"line":34,"column":5}},"35":{"start":{"line":36,"column":0},"end":{"line":36,"column":33}},"36":{"start":{"line":37,"column":0},"end":{"line":37,"column":89}},"37":{"start":{"line":38,"column":0},"end":{"line":38,"column":107}},"38":{"start":{"line":39,"column":0},"end":{"line":39,"column":72}},"39":{"start":{"line":40,"column":0},"end":{"line":40,"column":73}},"41":{"start":{"line":42,"column":0},"end":{"line":42,"column":52}},"43":{"start":{"line":44,"column":0},"end":{"line":44,"column":64}},"44":{"start":{"line":45,"column":0},"end":{"line":45,"column":28}},"45":{"start":{"line":46,"column":0},"end":{"line":46,"column":32}},"46":{"start":{"line":47,"column":0},"end":{"line":47,"column":21}},"47":{"start":{"line":48,"column":0},"end":{"line":48,"column":9}},"48":{"start":{"line":49,"column":0},"end":{"line":49,"column":43}},"49":{"start":{"line":50,"column":0},"end":{"line":50,"column":7}},"51":{"start":{"line":52,"column":0},"end":{"line":52,"column":70}},"52":{"start":{"line":53,"column":0},"end":{"line":53,"column":108}},"53":{"start":{"line":54,"column":0},"end":{"line":54,"column":86}},"55":{"start":{"line":56,"column":0},"end":{"line":56,"column":87}},"56":{"start":{"line":57,"column":0},"end":{"line":57,"column":7}},"57":{"start":{"line":58,"column":0},"end":{"line":58,"column":5}},"58":{"start":{"line":59,"column":0},"end":{"line":59,"column":3}}},"s":{"0":1,"10":1,"11":1,"12":4,"13":1,"15":1,"16":1,"17":1,"18":1,"19":1,"21":1,"23":1,"24":1,"25":1,"27":1,"28":1,"29":1,"31":1,"32":1,"33":1,"35":1,"36":1,"37":1,"38":1,"39":1,"41":1,"43":1,"44":1,"45":1,"46":1,"47":1,"48":1,"49":1,"51":1,"52":1,"53":1,"55":1,"56":1,"57":1,"58":1},"branchMap":{"0":{"type":"branch","line":11,"loc":{"start":{"line":11,"column":20},"end":{"line":59,"column":3}},"locations":[{"start":{"line":11,"column":20},"end":{"line":59,"column":3}}]},"1":{"type":"branch","line":12,"loc":{"start":{"line":12,"column":13},"end":{"line":14,"column":3}},"locations":[{"start":{"line":12,"column":13},"end":{"line":14,"column":3}}]},"2":{"type":"branch","line":16,"loc":{"start":{"line":16,"column":23},"end":{"line":34,"column":3}},"locations":[{"start":{"line":16,"column":23},"end":{"line":34,"column":3}}]},"3":{"type":"branch","line":17,"loc":{"start":{"line":17,"column":76},"end":{"line":26,"column":5}},"locations":[{"start":{"line":17,"column":76},"end":{"line":26,"column":5}}]},"4":{"type":"branch","line":28,"loc":{"start":{"line":28,"column":62},"end":{"line":33,"column":5}},"locations":[{"start":{"line":28,"column":62},"end":{"line":33,"column":5}}]},"5":{"type":"branch","line":36,"loc":{"start":{"line":36,"column":26},"end":{"line":58,"column":3}},"locations":[{"start":{"line":36,"column":26},"end":{"line":58,"column":3}}]},"6":{"type":"branch","line":37,"loc":{"start":{"line":37,"column":76},"end":{"line":50,"column":5}},"locations":[{"start":{"line":37,"column":76},"end":{"line":50,"column":5}}]},"7":{"type":"branch","line":52,"loc":{"start":{"line":52,"column":57},"end":{"line":57,"column":5}},"locations":[{"start":{"line":52,"column":57},"end":{"line":57,"column":5}}]}},"b":{"0":[1],"1":[4],"2":[1],"3":[1],"4":[1],"5":[1],"6":[1],"7":[1]},"fnMap":{},"f":{}}
,"/home/pablo/Documentos/vehicle-dealer-system/frontend/src/modules/auth/context/auth-context.tsx": {"path":"/home/pablo/Documentos/vehicle-dealer-system/frontend/src/modules/auth/context/auth-context.tsx","all":false,"statementMap":{"0":{"start":{"line":1,"column":0},"end":{"line":1,"column":87}},"16":{"start":{"line":17,"column":0},"end":{"line":17,"column":74}},"18":{"start":{"line":19,"column":0},"end":{"line":19,"column":69}},"19":{"start":{"line":20,"column":0},"end":{"line":20,"column":58}},"20":{"start":{"line":21,"column":0},"end":{"line":21,"column":54}},"21":{"start":{"line":22,"column":0},"end":{"line":22,"column":60}},"23":{"start":{"line":24,"column":0},"end":{"line":24,"column":19}},"24":{"start":{"line":25,"column":0},"end":{"line":25,"column":53}},"25":{"start":{"line":26,"column":0},"end":{"line":26,"column":21}},"26":{"start":{"line":27,"column":0},"end":{"line":27,"column":27}},"27":{"start":{"line":28,"column":0},"end":{"line":28,"column":11}},"29":{"start":{"line":30,"column":0},"end":{"line":30,"column":55}},"30":{"start":{"line":31,"column":0},"end":{"line":31,"column":28}},"31":{"start":{"line":32,"column":0},"end":{"line":32,"column":50}},"32":{"start":{"line":33,"column":0},"end":{"line":33,"column":50}},"33":{"start":{"line":34,"column":0},"end":{"line":34,"column":63}},"35":{"start":{"line":36,"column":0},"end":{"line":36,"column":45}},"36":{"start":{"line":37,"column":0},"end":{"line":37,"column":27}},"37":{"start":{"line":38,"column":0},"end":{"line":38,"column":26}},"38":{"start":{"line":39,"column":0},"end":{"line":39,"column":18}},"39":{"start":{"line":40,"column":0},"end":{"line":40,"column":21}},"40":{"start":{"line":41,"column":0},"end":{"line":41,"column":49}},"41":{"start":{"line":42,"column":0},"end":{"line":42,"column":43}},"42":{"start":{"line":43,"column":0},"end":{"line":43,"column":15}},"43":{"start":{"line":44,"column":0},"end":{"line":44,"column":11}},"44":{"start":{"line":45,"column":0},"end":{"line":45,"column":9}},"45":{"start":{"line":46,"column":0},"end":{"line":46,"column":15}},"47":{"start":{"line":48,"column":0},"end":{"line":48,"column":41}},"48":{"start":{"line":49,"column":0},"end":{"line":49,"column":23}},"49":{"start":{"line":50,"column":0},"end":{"line":50,"column":7}},"50":{"start":{"line":51,"column":0},"end":{"line":51,"column":5}},"51":{"start":{"line":52,"column":0},"end":{"line":52,"column":24}},"52":{"start":{"line":53,"column":0},"end":{"line":53,"column":9}},"54":{"start":{"line":55,"column":0},"end":{"line":55,"column":39}},"55":{"start":{"line":56,"column":0},"end":{"line":56,"column":44}},"56":{"start":{"line":57,"column":0},"end":{"line":57,"column":23}},"57":{"start":{"line":58,"column":0},"end":{"line":58,"column":9}},"58":{"start":{"line":59,"column":0},"end":{"line":59,"column":51}},"59":{"start":{"line":60,"column":0},"end":{"line":60,"column":26}},"60":{"start":{"line":61,"column":0},"end":{"line":61,"column":56}},"61":{"start":{"line":62,"column":0},"end":{"line":62,"column":17}},"62":{"start":{"line":63,"column":0},"end":{"line":63,"column":45}},"63":{"start":{"line":64,"column":0},"end":{"line":64,"column":39}},"64":{"start":{"line":65,"column":0},"end":{"line":65,"column":11}},"65":{"start":{"line":66,"column":0},"end":{"line":66,"column":7}},"66":{"start":{"line":67,"column":0},"end":{"line":67,"column":13}},"67":{"start":{"line":68,"column":0},"end":{"line":68,"column":20}},"68":{"start":{"line":69,"column":0},"end":{"line":69,"column":5}},"69":{"start":{"line":70,"column":0},"end":{"line":70,"column":4}},"71":{"start":{"line":72,"column":0},"end":{"line":72,"column":24}},"72":{"start":{"line":73,"column":0},"end":{"line":73,"column":37}},"73":{"start":{"line":74,"column":0},"end":{"line":74,"column":19}},"74":{"start":{"line":75,"column":0},"end":{"line":75,"column":18}},"75":{"start":{"line":76,"column":0},"end":{"line":76,"column":4}},"77":{"start":{"line":78,"column":0},"end":{"line":78,"column":10}},"78":{"start":{"line":79,"column":0},"end":{"line":79,"column":25}},"79":{"start":{"line":80,"column":0},"end":{"line":80,"column":14}},"80":{"start":{"line":81,"column":0},"end":{"line":81,"column":14}},"81":{"start":{"line":82,"column":0},"end":{"line":82,"column":13}},"82":{"start":{"line":83,"column":0},"end":{"line":83,"column":33}},"83":{"start":{"line":84,"column":0},"end":{"line":84,"column":18}},"84":{"start":{"line":85,"column":0},"end":{"line":85,"column":14}},"85":{"start":{"line":86,"column":0},"end":{"line":86,"column":15}},"86":{"start":{"line":87,"column":0},"end":{"line":87,"column":8}},"88":{"start":{"line":89,"column":0},"end":{"line":89,"column":16}},"89":{"start":{"line":90,"column":0},"end":{"line":90,"column":27}},"91":{"start":{"line":92,"column":0},"end":{"line":92,"column":1}},"93":{"start":{"line":94,"column":0},"end":{"line":94,"column":27}},"94":{"start":{"line":95,"column":0},"end":{"line":95,"column":42}},"95":{"start":{"line":96,"column":0},"end":{"line":96,"column":17}},"96":{"start":{"line":97,"column":0},"end":{"line":97,"column":76}},"97":{"start":{"line":98,"column":0},"end":{"line":98,"column":3}},"98":{"start":{"line":99,"column":0},"end":{"line":99,"column":17}},"99":{"start":{"line":100,"column":0},"end":{"line":100,"column":1}}},"s":{"0":1,"16":1,"18":1,"19":17,"20":17,"21":17,"23":17,"24":7,"25":7,"26":3,"27":3,"29":3,"30":3,"31":3,"32":3,"33":3,"35":1,"36":1,"37":1,"38":1,"39":1,"40":1,"41":1,"42":1,"43":1,"44":3,"45":3,"47":1,"48":1,"49":1,"50":3,"51":7,"52":17,"54":17,"55":2,"56":2,"57":2,"58":2,"59":2,"60":2,"61":2,"62":2,"63":2,"64":2,"65":2,"66":2,"67":1,"68":1,"69":2,"71":17,"72":1,"73":1,"74":1,"75":1,"77":17,"78":17,"79":17,"80":17,"81":17,"82":17,"83":17,"84":17,"85":17,"86":17,"88":17,"89":17,"91":17,"93":1,"94":19,"95":19,"96":4,"97":4,"98":15,"99":15},"branchMap":{"0":{"type":"branch","line":19,"loc":{"start":{"line":19,"column":7},"end":{"line":92,"column":1}},"locations":[{"start":{"line":19,"column":7},"end":{"line":92,"column":1}}]},"1":{"type":"branch","line":24,"loc":{"start":{"line":24,"column":12},"end":{"line":53,"column":5}},"locations":[{"start":{"line":24,"column":12},"end":{"line":53,"column":5}}]},"2":{"type":"branch","line":26,"loc":{"start":{"line":26,"column":20},"end":{"line":51,"column":5}},"locations":[{"start":{"line":26,"column":20},"end":{"line":51,"column":5}}]},"3":{"type":"branch","line":34,"loc":{"start":{"line":34,"column":22},"end":{"line":34,"column":62}},"locations":[{"start":{"line":34,"column":22},"end":{"line":34,"column":62}}]},"4":{"type":"branch","line":34,"loc":{"start":{"line":34,"column":62},"end":{"line":44,"column":11}},"locations":[{"start":{"line":34,"column":62},"end":{"line":44,"column":11}}]},"5":{"type":"branch","line":41,"loc":{"start":{"line":41,"column":32},"end":{"line":41,"column":49}},"locations":[{"start":{"line":41,"column":32},"end":{"line":41,"column":49}}]},"6":{"type":"branch","line":42,"loc":{"start":{"line":42,"column":28},"end":{"line":42,"column":43}},"locations":[{"start":{"line":42,"column":28},"end":{"line":42,"column":43}}]},"7":{"type":"branch","line":46,"loc":{"start":{"line":46,"column":6},"end":{"line":50,"column":7}},"locations":[{"start":{"line":46,"column":6},"end":{"line":50,"column":7}}]},"8":{"type":"branch","line":55,"loc":{"start":{"line":55,"column":16},"end":{"line":70,"column":4}},"locations":[{"start":{"line":55,"column":16},"end":{"line":70,"column":4}}]},"9":{"type":"branch","line":63,"loc":{"start":{"line":63,"column":28},"end":{"line":63,"column":45}},"locations":[{"start":{"line":63,"column":28},"end":{"line":63,"column":45}}]},"10":{"type":"branch","line":64,"loc":{"start":{"line":64,"column":24},"end":{"line":64,"column":39}},"locations":[{"start":{"line":64,"column":24},"end":{"line":64,"column":39}}]},"11":{"type":"branch","line":67,"loc":{"start":{"line":67,"column":4},"end":{"line":69,"column":5}},"locations":[{"start":{"line":67,"column":4},"end":{"line":69,"column":5}}]},"12":{"type":"branch","line":72,"loc":{"start":{"line":72,"column":17},"end":{"line":76,"column":4}},"locations":[{"start":{"line":72,"column":17},"end":{"line":76,"column":4}}]},"13":{"type":"branch","line":94,"loc":{"start":{"line":94,"column":7},"end":{"line":100,"column":1}},"locations":[{"start":{"line":94,"column":7},"end":{"line":100,"column":1}}]},"14":{"type":"branch","line":96,"loc":{"start":{"line":96,"column":16},"end":{"line":98,"column":3}},"locations":[{"start":{"line":96,"column":16},"end":{"line":98,"column":3}}]},"15":{"type":"branch","line":98,"loc":{"start":{"line":98,"column":2},"end":{"line":100,"column":1}},"locations":[{"start":{"line":98,"column":2},"end":{"line":100,"column":1}}]}},"b":{"0":[17],"1":[7],"2":[3],"3":[2],"4":[1],"5":[0],"6":[0],"7":[1],"8":[2],"9":[0],"10":[0],"11":[1],"12":[1],"13":[19],"14":[4],"15":[15]},"fnMap":{"0":{"name":"AuthProvider","decl":{"start":{"line":19,"column":7},"end":{"line":92,"column":1}},"loc":{"start":{"line":19,"column":7},"end":{"line":92,"column":1}},"line":19},"1":{"name":"login","decl":{"start":{"line":55,"column":16},"end":{"line":70,"column":4}},"loc":{"start":{"line":55,"column":16},"end":{"line":70,"column":4}},"line":55},"2":{"name":"logout","decl":{"start":{"line":72,"column":17},"end":{"line":76,"column":4}},"loc":{"start":{"line":72,"column":17},"end":{"line":76,"column":4}},"line":72},"3":{"name":"useAuth","decl":{"start":{"line":94,"column":7},"end":{"line":100,"column":1}},"loc":{"start":{"line":94,"column":7},"end":{"line":100,"column":1}},"line":94}},"f":{"0":17,"1":2,"2":1,"3":19}}
,"/home/pablo/Documentos/vehicle-dealer-system/frontend/src/modules/auth/context/__tests__/auth-context.test.tsx": {"path":"/home/pablo/Documentos/vehicle-dealer-system/frontend/src/modules/auth/context/__tests__/auth-context.test.tsx","all":false,"statementMap":{"0":{"start":{"line":1,"column":0},"end":{"line":1,"column":62}},"1":{"start":{"line":2,"column":0},"end":{"line":2,"column":73}},"2":{"start":{"line":3,"column":0},"end":{"line":3,"column":52}},"3":{"start":{"line":4,"column":0},"end":{"line":4,"column":56}},"5":{"start":{"line":6,"column":0},"end":{"line":6,"column":58}},"6":{"start":{"line":7,"column":0},"end":{"line":7,"column":68}},"7":{"start":{"line":8,"column":0},"end":{"line":8,"column":45}},"8":{"start":{"line":9,"column":0},"end":{"line":9,"column":39}},"9":{"start":{"line":10,"column":0},"end":{"line":10,"column":1}},"11":{"start":{"line":12,"column":0},"end":{"line":12,"column":25}},"12":{"start":{"line":13,"column":0},"end":{"line":13,"column":79}},"13":{"start":{"line":14,"column":0},"end":{"line":14,"column":10}},"14":{"start":{"line":15,"column":0},"end":{"line":15,"column":9}},"15":{"start":{"line":16,"column":0},"end":{"line":16,"column":74}},"16":{"start":{"line":17,"column":0},"end":{"line":17,"column":93}},"17":{"start":{"line":18,"column":0},"end":{"line":18,"column":68}},"18":{"start":{"line":19,"column":0},"end":{"line":19,"column":60}},"19":{"start":{"line":20,"column":0},"end":{"line":20,"column":56}},"20":{"start":{"line":21,"column":0},"end":{"line":21,"column":98}},"21":{"start":{"line":22,"column":0},"end":{"line":22,"column":46}},"22":{"start":{"line":23,"column":0},"end":{"line":23,"column":10}},"24":{"start":{"line":25,"column":0},"end":{"line":25,"column":1}},"26":{"start":{"line":27,"column":0},"end":{"line":27,"column":46}},"27":{"start":{"line":28,"column":0},"end":{"line":28,"column":20}},"28":{"start":{"line":29,"column":0},"end":{"line":29,"column":25}},"29":{"start":{"line":30,"column":0},"end":{"line":30,"column":23}},"30":{"start":{"line":31,"column":0},"end":{"line":31,"column":5}},"32":{"start":{"line":33,"column":0},"end":{"line":33,"column":79}},"33":{"start":{"line":34,"column":0},"end":{"line":34,"column":11}},"34":{"start":{"line":35,"column":0},"end":{"line":35,"column":20}},"35":{"start":{"line":36,"column":0},"end":{"line":36,"column":24}},"36":{"start":{"line":37,"column":0},"end":{"line":37,"column":21}},"37":{"start":{"line":38,"column":0},"end":{"line":38,"column":6}},"39":{"start":{"line":40,"column":0},"end":{"line":40,"column":69}},"40":{"start":{"line":41,"column":0},"end":{"line":41,"column":76}},"41":{"start":{"line":42,"column":0},"end":{"line":42,"column":69}},"42":{"start":{"line":43,"column":0},"end":{"line":43,"column":5}},"44":{"start":{"line":45,"column":0},"end":{"line":45,"column":94}},"45":{"start":{"line":46,"column":0},"end":{"line":46,"column":75}},"46":{"start":{"line":47,"column":0},"end":{"line":47,"column":91}},"47":{"start":{"line":48,"column":0},"end":{"line":48,"column":46}},"49":{"start":{"line":50,"column":0},"end":{"line":50,"column":11}},"50":{"start":{"line":51,"column":0},"end":{"line":51,"column":20}},"51":{"start":{"line":52,"column":0},"end":{"line":52,"column":24}},"52":{"start":{"line":53,"column":0},"end":{"line":53,"column":21}},"53":{"start":{"line":54,"column":0},"end":{"line":54,"column":6}},"55":{"start":{"line":56,"column":0},"end":{"line":56,"column":74}},"56":{"start":{"line":57,"column":0},"end":{"line":57,"column":73}},"57":{"start":{"line":58,"column":0},"end":{"line":58,"column":68}},"58":{"start":{"line":59,"column":0},"end":{"line":59,"column":5}},"60":{"start":{"line":61,"column":0},"end":{"line":61,"column":76}},"61":{"start":{"line":62,"column":0},"end":{"line":62,"column":71}},"62":{"start":{"line":63,"column":0},"end":{"line":63,"column":74}},"63":{"start":{"line":64,"column":0},"end":{"line":64,"column":48}},"65":{"start":{"line":66,"column":0},"end":{"line":66,"column":11}},"66":{"start":{"line":67,"column":0},"end":{"line":67,"column":20}},"67":{"start":{"line":68,"column":0},"end":{"line":68,"column":24}},"68":{"start":{"line":69,"column":0},"end":{"line":69,"column":21}},"69":{"start":{"line":70,"column":0},"end":{"line":70,"column":6}},"71":{"start":{"line":72,"column":0},"end":{"line":72,"column":76}},"72":{"start":{"line":73,"column":0},"end":{"line":73,"column":53}},"73":{"start":{"line":74,"column":0},"end":{"line":74,"column":5}},"75":{"start":{"line":76,"column":0},"end":{"line":76,"column":74}},"76":{"start":{"line":77,"column":0},"end":{"line":77,"column":59}},"78":{"start":{"line":79,"column":0},"end":{"line":79,"column":11}},"79":{"start":{"line":80,"column":0},"end":{"line":80,"column":20}},"80":{"start":{"line":81,"column":0},"end":{"line":81,"column":24}},"81":{"start":{"line":82,"column":0},"end":{"line":82,"column":21}},"82":{"start":{"line":83,"column":0},"end":{"line":83,"column":6}},"84":{"start":{"line":85,"column":0},"end":{"line":85,"column":76}},"85":{"start":{"line":86,"column":0},"end":{"line":86,"column":53}},"86":{"start":{"line":87,"column":0},"end":{"line":87,"column":5}},"88":{"start":{"line":89,"column":0},"end":{"line":89,"column":97}},"89":{"start":{"line":90,"column":0},"end":{"line":90,"column":35}},"91":{"start":{"line":92,"column":0},"end":{"line":92,"column":11}},"92":{"start":{"line":93,"column":0},"end":{"line":93,"column":20}},"93":{"start":{"line":94,"column":0},"end":{"line":94,"column":24}},"94":{"start":{"line":95,"column":0},"end":{"line":95,"column":21}},"95":{"start":{"line":96,"column":0},"end":{"line":96,"column":6}},"97":{"start":{"line":98,"column":0},"end":{"line":98,"column":48}},"99":{"start":{"line":100,"column":0},"end":{"line":100,"column":74}},"100":{"start":{"line":101,"column":0},"end":{"line":101,"column":70}},"101":{"start":{"line":102,"column":0},"end":{"line":102,"column":66}},"102":{"start":{"line":103,"column":0},"end":{"line":103,"column":57}},"104":{"start":{"line":105,"column":0},"end":{"line":105,"column":49}},"106":{"start":{"line":107,"column":0},"end":{"line":107,"column":76}},"107":{"start":{"line":108,"column":0},"end":{"line":108,"column":69}},"108":{"start":{"line":109,"column":0},"end":{"line":109,"column":53}},"109":{"start":{"line":110,"column":0},"end":{"line":110,"column":5}},"111":{"start":{"line":112,"column":0},"end":{"line":112,"column":83}},"113":{"start":{"line":114,"column":0},"end":{"line":114,"column":79}},"115":{"start":{"line":116,"column":0},"end":{"line":116,"column":110}},"117":{"start":{"line":118,"column":0},"end":{"line":118,"column":29}},"118":{"start":{"line":119,"column":0},"end":{"line":119,"column":5}},"119":{"start":{"line":120,"column":0},"end":{"line":120,"column":3}}},"s":{"0":1,"1":1,"2":1,"3":1,"5":3,"6":3,"7":3,"8":3,"9":3,"11":12,"12":12,"13":12,"14":12,"15":12,"16":12,"17":12,"18":12,"19":12,"20":12,"21":12,"22":12,"24":12,"26":1,"27":1,"28":6,"29":6,"30":1,"32":1,"33":1,"34":1,"35":1,"36":1,"37":1,"39":1,"40":1,"41":1,"42":1,"44":1,"45":1,"46":1,"47":1,"49":1,"50":1,"51":1,"52":1,"53":1,"55":1,"56":1,"57":1,"58":1,"60":1,"61":1,"62":1,"63":1,"65":1,"66":1,"67":1,"68":1,"69":1,"71":1,"72":1,"73":1,"75":1,"76":1,"78":1,"79":1,"80":1,"81":1,"82":1,"84":1,"85":1,"86":1,"88":1,"89":1,"91":1,"92":1,"93":1,"94":1,"95":1,"97":1,"99":1,"100":1,"101":1,"102":1,"104":1,"106":1,"107":1,"108":1,"109":1,"111":1,"113":1,"115":1,"117":1,"118":1,"119":1},"branchMap":{"0":{"type":"branch","line":6,"loc":{"start":{"line":6,"column":0},"end":{"line":10,"column":1}},"locations":[{"start":{"line":6,"column":0},"end":{"line":10,"column":1}}]},"1":{"type":"branch","line":12,"loc":{"start":{"line":12,"column":0},"end":{"line":25,"column":1}},"locations":[{"start":{"line":12,"column":0},"end":{"line":25,"column":1}}]},"2":{"type":"branch","line":16,"loc":{"start":{"line":16,"column":35},"end":{"line":16,"column":59}},"locations":[{"start":{"line":16,"column":35},"end":{"line":16,"column":59}}]},"3":{"type":"branch","line":16,"loc":{"start":{"line":16,"column":47},"end":{"line":16,"column":67}},"locations":[{"start":{"line":16,"column":47},"end":{"line":16,"column":67}}]},"4":{"type":"branch","line":17,"loc":{"start":{"line":17,"column":32},"end":{"line":17,"column":68}},"locations":[{"start":{"line":17,"column":32},"end":{"line":17,"column":68}}]},"5":{"type":"branch","line":17,"loc":{"start":{"line":17,"column":50},"end":{"line":17,"column":86}},"locations":[{"start":{"line":17,"column":50},"end":{"line":17,"column":86}}]},"6":{"type":"branch","line":18,"loc":{"start":{"line":18,"column":36},"end":{"line":18,"column":54}},"locations":[{"start":{"line":18,"column":36},"end":{"line":18,"column":54}}]},"7":{"type":"branch","line":18,"loc":{"start":{"line":18,"column":42},"end":{"line":18,"column":61}},"locations":[{"start":{"line":18,"column":42},"end":{"line":18,"column":61}}]},"8":{"type":"branch","line":19,"loc":{"start":{"line":19,"column":32},"end":{"line":19,"column":46}},"locations":[{"start":{"line":19,"column":32},"end":{"line":19,"column":46}}]},"9":{"type":"branch","line":19,"loc":{"start":{"line":19,"column":38},"end":{"line":19,"column":53}},"locations":[{"start":{"line":19,"column":38},"end":{"line":19,"column":53}}]},"10":{"type":"branch","line":20,"loc":{"start":{"line":20,"column":33},"end":{"line":20,"column":49}},"locations":[{"start":{"line":20,"column":33},"end":{"line":20,"column":49}}]},"11":{"type":"branch","line":21,"loc":{"start":{"line":21,"column":23},"end":{"line":21,"column":84}},"locations":[{"start":{"line":21,"column":23},"end":{"line":21,"column":84}}]},"12":{"type":"branch","line":27,"loc":{"start":{"line":27,"column":39},"end":{"line":120,"column":3}},"locations":[{"start":{"line":27,"column":39},"end":{"line":120,"column":3}}]},"13":{"type":"branch","line":28,"loc":{"start":{"line":28,"column":13},"end":{"line":31,"column":3}},"locations":[{"start":{"line":28,"column":13},"end":{"line":31,"column":3}}]},"14":{"type":"branch","line":33,"loc":{"start":{"line":33,"column":72},"end":{"line":43,"column":3}},"locations":[{"start":{"line":33,"column":72},"end":{"line":43,"column":3}}]},"15":{"type":"branch","line":45,"loc":{"start":{"line":45,"column":87},"end":{"line":59,"column":3}},"locations":[{"start":{"line":45,"column":87},"end":{"line":59,"column":3}}]},"16":{"type":"branch","line":61,"loc":{"start":{"line":61,"column":69},"end":{"line":74,"column":3}},"locations":[{"start":{"line":61,"column":69},"end":{"line":74,"column":3}}]},"17":{"type":"branch","line":76,"loc":{"start":{"line":76,"column":67},"end":{"line":87,"column":3}},"locations":[{"start":{"line":76,"column":67},"end":{"line":87,"column":3}}]},"18":{"type":"branch","line":89,"loc":{"start":{"line":89,"column":84},"end":{"line":110,"column":3}},"locations":[{"start":{"line":89,"column":84},"end":{"line":110,"column":3}}]},"19":{"type":"branch","line":112,"loc":{"start":{"line":112,"column":76},"end":{"line":119,"column":3}},"locations":[{"start":{"line":112,"column":76},"end":{"line":119,"column":3}}]},"20":{"type":"branch","line":114,"loc":{"start":{"line":114,"column":69},"end":{"line":114,"column":77}},"locations":[{"start":{"line":114,"column":69},"end":{"line":114,"column":77}}]},"21":{"type":"branch","line":116,"loc":{"start":{"line":116,"column":11},"end":{"line":116,"column":44}},"locations":[{"start":{"line":116,"column":11},"end":{"line":116,"column":44}}]},"22":{"type":"branch","line":116,"loc":{"start":{"line":116,"column":28},"end":{"line":116,"column":43}},"locations":[{"start":{"line":116,"column":28},"end":{"line":116,"column":43}}]}},"b":{"0":[3],"1":[12],"2":[5],"3":[7],"4":[2],"5":[10],"6":[2],"7":[10],"8":[2],"9":[10],"10":[10],"11":[1],"12":[1],"13":[6],"14":[1],"15":[1],"16":[1],"17":[1],"18":[1],"19":[1],"20":[3],"21":[1],"22":[4]},"fnMap":{"0":{"name":"createMockJwt","decl":{"start":{"line":6,"column":0},"end":{"line":10,"column":1}},"loc":{"start":{"line":6,"column":0},"end":{"line":10,"column":1}},"line":6},"1":{"name":"TestConsumer","decl":{"start":{"line":12,"column":0},"end":{"line":25,"column":1}},"loc":{"start":{"line":12,"column":0},"end":{"line":25,"column":1}},"line":12},"2":{"name":"onClick","decl":{"start":{"line":21,"column":23},"end":{"line":21,"column":84}},"loc":{"start":{"line":21,"column":23},"end":{"line":21,"column":84}},"line":21}},"f":{"0":3,"1":12,"2":1}}
,"/home/pablo/Documentos/vehicle-dealer-system/frontend/src/modules/auth/hooks/use-auth.ts": {"path":"/home/pablo/Documentos/vehicle-dealer-system/frontend/src/modules/auth/hooks/use-auth.ts","all":false,"statementMap":{"0":{"start":{"line":1,"column":0},"end":{"line":1,"column":52}},"6":{"start":{"line":7,"column":0},"end":{"line":7,"column":28}},"7":{"start":{"line":8,"column":0},"end":{"line":8,"column":33}},"8":{"start":{"line":9,"column":0},"end":{"line":9,"column":30}},"10":{"start":{"line":11,"column":0},"end":{"line":11,"column":62}},"11":{"start":{"line":12,"column":0},"end":{"line":12,"column":25}},"12":{"start":{"line":13,"column":0},"end":{"line":13,"column":26}},"13":{"start":{"line":14,"column":0},"end":{"line":14,"column":23}},"14":{"start":{"line":15,"column":0},"end":{"line":15,"column":26}},"15":{"start":{"line":16,"column":0},"end":{"line":16,"column":7}},"16":{"start":{"line":17,"column":0},"end":{"line":17,"column":24}},"17":{"start":{"line":18,"column":0},"end":{"line":18,"column":22}},"18":{"start":{"line":19,"column":0},"end":{"line":19,"column":14}},"19":{"start":{"line":20,"column":0},"end":{"line":20,"column":6}},"20":{"start":{"line":21,"column":0},"end":{"line":21,"column":5}},"21":{"start":{"line":22,"column":0},"end":{"line":22,"column":1}},"23":{"start":{"line":24,"column":0},"end":{"line":24,"column":61}},"24":{"start":{"line":25,"column":0},"end":{"line":25,"column":64}},"25":{"start":{"line":26,"column":0},"end":{"line":26,"column":28}},"26":{"start":{"line":27,"column":0},"end":{"line":27,"column":22}},"27":{"start":{"line":28,"column":0},"end":{"line":28,"column":30}},"28":{"start":{"line":29,"column":0},"end":{"line":29,"column":28}},"29":{"start":{"line":30,"column":0},"end":{"line":30,"column":7}},"30":{"start":{"line":31,"column":0},"end":{"line":31,"column":6}},"31":{"start":{"line":32,"column":0},"end":{"line":32,"column":5}},"32":{"start":{"line":33,"column":0},"end":{"line":33,"column":1}}},"s":{"0":1,"6":1,"7":3,"8":3,"10":3,"11":3,"12":3,"13":1,"14":1,"15":1,"16":1,"17":1,"18":1,"19":1,"20":3,"21":3,"23":1,"24":2,"25":2,"26":2,"27":1,"28":1,"29":1,"30":1,"31":2,"32":2},"branchMap":{"0":{"type":"branch","line":7,"loc":{"start":{"line":7,"column":7},"end":{"line":22,"column":1}},"locations":[{"start":{"line":7,"column":7},"end":{"line":22,"column":1}}]},"1":{"type":"branch","line":13,"loc":{"start":{"line":13,"column":15},"end":{"line":20,"column":6}},"locations":[{"start":{"line":13,"column":15},"end":{"line":20,"column":6}}]},"2":{"type":"branch","line":17,"loc":{"start":{"line":17,"column":17},"end":{"line":19,"column":9}},"locations":[{"start":{"line":17,"column":17},"end":{"line":19,"column":9}}]},"3":{"type":"branch","line":24,"loc":{"start":{"line":24,"column":7},"end":{"line":33,"column":1}},"locations":[{"start":{"line":24,"column":7},"end":{"line":33,"column":1}}]},"4":{"type":"branch","line":27,"loc":{"start":{"line":27,"column":15},"end":{"line":31,"column":6}},"locations":[{"start":{"line":27,"column":15},"end":{"line":31,"column":6}}]}},"b":{"0":[3],"1":[1],"2":[1],"3":[2],"4":[1]},"fnMap":{"0":{"name":"useLogin","decl":{"start":{"line":7,"column":7},"end":{"line":22,"column":1}},"loc":{"start":{"line":7,"column":7},"end":{"line":22,"column":1}},"line":7},"1":{"name":"onSuccess","decl":{"start":{"line":13,"column":15},"end":{"line":20,"column":6}},"loc":{"start":{"line":13,"column":15},"end":{"line":20,"column":6}},"line":13},"2":{"name":"useRegister","decl":{"start":{"line":24,"column":7},"end":{"line":33,"column":1}},"loc":{"start":{"line":24,"column":7},"end":{"line":33,"column":1}},"line":24},"3":{"name":"onSuccess","decl":{"start":{"line":27,"column":15},"end":{"line":31,"column":6}},"loc":{"start":{"line":27,"column":15},"end":{"line":31,"column":6}},"line":27}},"f":{"0":3,"1":1,"2":2,"3":1}}
,"/home/pablo/Documentos/vehicle-dealer-system/frontend/src/modules/auth/hooks/__tests__/use-auth.test.tsx": {"path":"/home/pablo/Documentos/vehicle-dealer-system/frontend/src/modules/auth/hooks/__tests__/use-auth.test.tsx","all":false,"statementMap":{"0":{"start":{"line":1,"column":0},"end":{"line":1,"column":62}},"13":{"start":{"line":14,"column":0},"end":{"line":14,"column":29}},"22":{"start":{"line":23,"column":0},"end":{"line":23,"column":26}},"23":{"start":{"line":24,"column":0},"end":{"line":24,"column":39}},"24":{"start":{"line":25,"column":0},"end":{"line":25,"column":79}},"25":{"start":{"line":26,"column":0},"end":{"line":26,"column":5}},"26":{"start":{"line":27,"column":0},"end":{"line":27,"column":59}},"27":{"start":{"line":28,"column":0},"end":{"line":28,"column":46}},"28":{"start":{"line":29,"column":0},"end":{"line":29,"column":20}},"29":{"start":{"line":30,"column":0},"end":{"line":30,"column":49}},"30":{"start":{"line":31,"column":0},"end":{"line":31,"column":21}},"31":{"start":{"line":32,"column":0},"end":{"line":32,"column":26}},"33":{"start":{"line":34,"column":0},"end":{"line":34,"column":1}},"35":{"start":{"line":36,"column":0},"end":{"line":36,"column":30}},"36":{"start":{"line":37,"column":0},"end":{"line":37,"column":20}},"37":{"start":{"line":38,"column":0},"end":{"line":38,"column":23}},"38":{"start":{"line":39,"column":0},"end":{"line":39,"column":25}},"39":{"start":{"line":40,"column":0},"end":{"line":40,"column":5}},"41":{"start":{"line":42,"column":0},"end":{"line":42,"column":30}},"42":{"start":{"line":43,"column":0},"end":{"line":43,"column":77}},"43":{"start":{"line":44,"column":0},"end":{"line":44,"column":41}},"44":{"start":{"line":45,"column":0},"end":{"line":45,"column":78}},"46":{"start":{"line":47,"column":0},"end":{"line":47,"column":84}},"48":{"start":{"line":49,"column":0},"end":{"line":49,"column":17}},"49":{"start":{"line":50,"column":0},"end":{"line":50,"column":74}},"50":{"start":{"line":51,"column":0},"end":{"line":51,"column":9}},"52":{"start":{"line":53,"column":0},"end":{"line":53,"column":71}},"53":{"start":{"line":54,"column":0},"end":{"line":54,"column":52}},"54":{"start":{"line":55,"column":0},"end":{"line":55,"column":76}},"55":{"start":{"line":56,"column":0},"end":{"line":56,"column":25}},"56":{"start":{"line":57,"column":0},"end":{"line":57,"column":8}},"58":{"start":{"line":59,"column":0},"end":{"line":59,"column":20}},"59":{"start":{"line":60,"column":0},"end":{"line":60,"column":15}},"60":{"start":{"line":61,"column":0},"end":{"line":61,"column":57}},"61":{"start":{"line":62,"column":0},"end":{"line":62,"column":10}},"62":{"start":{"line":63,"column":0},"end":{"line":63,"column":25}},"63":{"start":{"line":64,"column":0},"end":{"line":64,"column":8}},"64":{"start":{"line":65,"column":0},"end":{"line":65,"column":7}},"65":{"start":{"line":66,"column":0},"end":{"line":66,"column":5}},"67":{"start":{"line":68,"column":0},"end":{"line":68,"column":33}},"68":{"start":{"line":69,"column":0},"end":{"line":69,"column":86}},"69":{"start":{"line":70,"column":0},"end":{"line":70,"column":40}},"70":{"start":{"line":71,"column":0},"end":{"line":71,"column":105}},"72":{"start":{"line":73,"column":0},"end":{"line":73,"column":104}},"74":{"start":{"line":75,"column":0},"end":{"line":75,"column":17}},"75":{"start":{"line":76,"column":0},"end":{"line":76,"column":106}},"76":{"start":{"line":77,"column":0},"end":{"line":77,"column":9}},"78":{"start":{"line":79,"column":0},"end":{"line":79,"column":71}},"79":{"start":{"line":80,"column":0},"end":{"line":80,"column":55}},"80":{"start":{"line":81,"column":0},"end":{"line":81,"column":33}},"81":{"start":{"line":82,"column":0},"end":{"line":82,"column":30}},"82":{"start":{"line":83,"column":0},"end":{"line":83,"column":31}},"83":{"start":{"line":84,"column":0},"end":{"line":84,"column":38}},"84":{"start":{"line":85,"column":0},"end":{"line":85,"column":11}},"85":{"start":{"line":86,"column":0},"end":{"line":86,"column":25}},"86":{"start":{"line":87,"column":0},"end":{"line":87,"column":8}},"87":{"start":{"line":88,"column":0},"end":{"line":88,"column":57}},"88":{"start":{"line":89,"column":0},"end":{"line":89,"column":7}},"89":{"start":{"line":90,"column":0},"end":{"line":90,"column":5}},"90":{"start":{"line":91,"column":0},"end":{"line":91,"column":3}}},"s":{"0":1,"13":1,"22":2,"23":2,"24":2,"25":2,"26":2,"27":2,"28":2,"29":2,"30":2,"31":2,"33":2,"35":1,"36":1,"37":2,"38":2,"39":1,"41":1,"42":1,"43":1,"44":1,"46":1,"48":1,"49":1,"50":1,"52":1,"53":1,"54":1,"55":1,"56":1,"58":1,"59":1,"60":10,"61":10,"62":1,"63":1,"64":1,"65":1,"67":1,"68":1,"69":1,"70":1,"72":1,"74":1,"75":1,"76":1,"78":1,"79":1,"80":1,"81":1,"82":1,"83":1,"84":1,"85":1,"86":1,"87":1,"88":1,"89":1,"90":1},"branchMap":{"0":{"type":"branch","line":23,"loc":{"start":{"line":23,"column":0},"end":{"line":34,"column":1}},"locations":[{"start":{"line":23,"column":0},"end":{"line":34,"column":1}}]},"1":{"type":"branch","line":27,"loc":{"start":{"line":27,"column":9},"end":{"line":32,"column":26}},"locations":[{"start":{"line":27,"column":9},"end":{"line":32,"column":26}}]},"2":{"type":"branch","line":36,"loc":{"start":{"line":36,"column":23},"end":{"line":91,"column":3}},"locations":[{"start":{"line":36,"column":23},"end":{"line":91,"column":3}}]},"3":{"type":"branch","line":37,"loc":{"start":{"line":37,"column":13},"end":{"line":40,"column":3}},"locations":[{"start":{"line":37,"column":13},"end":{"line":40,"column":3}}]},"4":{"type":"branch","line":42,"loc":{"start":{"line":42,"column":23},"end":{"line":66,"column":3}},"locations":[{"start":{"line":42,"column":23},"end":{"line":66,"column":3}}]},"5":{"type":"branch","line":43,"loc":{"start":{"line":43,"column":64},"end":{"line":65,"column":5}},"locations":[{"start":{"line":43,"column":64},"end":{"line":65,"column":5}}]},"6":{"type":"branch","line":47,"loc":{"start":{"line":47,"column":36},"end":{"line":47,"column":54}},"locations":[{"start":{"line":47,"column":36},"end":{"line":47,"column":54}}]},"7":{"type":"branch","line":49,"loc":{"start":{"line":49,"column":10},"end":{"line":51,"column":7}},"locations":[{"start":{"line":49,"column":10},"end":{"line":51,"column":7}}]},"8":{"type":"branch","line":53,"loc":{"start":{"line":53,"column":20},"end":{"line":53,"column":69}},"locations":[{"start":{"line":53,"column":20},"end":{"line":53,"column":69}}]},"9":{"type":"branch","line":60,"loc":{"start":{"line":60,"column":8},"end":{"line":62,"column":10}},"locations":[{"start":{"line":60,"column":8},"end":{"line":62,"column":10}}]},"10":{"type":"branch","line":68,"loc":{"start":{"line":68,"column":26},"end":{"line":90,"column":3}},"locations":[{"start":{"line":68,"column":26},"end":{"line":90,"column":3}}]},"11":{"type":"branch","line":69,"loc":{"start":{"line":69,"column":73},"end":{"line":89,"column":5}},"locations":[{"start":{"line":69,"column":73},"end":{"line":89,"column":5}}]},"12":{"type":"branch","line":73,"loc":{"start":{"line":73,"column":36},"end":{"line":73,"column":74}},"locations":[{"start":{"line":73,"column":36},"end":{"line":73,"column":74}}]},"13":{"type":"branch","line":75,"loc":{"start":{"line":75,"column":10},"end":{"line":77,"column":7}},"locations":[{"start":{"line":75,"column":10},"end":{"line":77,"column":7}}]},"14":{"type":"branch","line":79,"loc":{"start":{"line":79,"column":20},"end":{"line":79,"column":69}},"locations":[{"start":{"line":79,"column":20},"end":{"line":79,"column":69}}]}},"b":{"0":[2],"1":[2],"2":[1],"3":[2],"4":[1],"5":[1],"6":[3],"7":[1],"8":[2],"9":[10],"10":[1],"11":[1],"12":[2],"13":[1],"14":[2]},"fnMap":{"0":{"name":"createWrapper","decl":{"start":{"line":23,"column":0},"end":{"line":34,"column":1}},"loc":{"start":{"line":23,"column":0},"end":{"line":34,"column":1}},"line":23},"1":{"name":"__vi_import_1__.waitFor.timeout","decl":{"start":{"line":60,"column":8},"end":{"line":62,"column":10}},"loc":{"start":{"line":60,"column":8},"end":{"line":62,"column":10}},"line":60}},"f":{"0":2,"1":10}}
,"/home/pablo/Documentos/vehicle-dealer-system/frontend/src/modules/auth/pages/login-page.tsx": {"path":"/home/pablo/Documentos/vehicle-dealer-system/frontend/src/modules/auth/pages/login-page.tsx","all":false,"statementMap":{"0":{"start":{"line":1,"column":0},"end":{"line":1,"column":33}},"20":{"start":{"line":21,"column":0},"end":{"line":21,"column":29}},"21":{"start":{"line":22,"column":0},"end":{"line":22,"column":54}},"22":{"start":{"line":23,"column":0},"end":{"line":23,"column":92}},"24":{"start":{"line":25,"column":0},"end":{"line":25,"column":35}},"25":{"start":{"line":26,"column":0},"end":{"line":26,"column":46}},"26":{"start":{"line":27,"column":0},"end":{"line":27,"column":86}},"27":{"start":{"line":28,"column":0},"end":{"line":28,"column":21}},"28":{"start":{"line":29,"column":0},"end":{"line":29,"column":71}},"29":{"start":{"line":30,"column":0},"end":{"line":30,"column":25}},"30":{"start":{"line":31,"column":0},"end":{"line":31,"column":5}},"32":{"start":{"line":33,"column":0},"end":{"line":33,"column":47}},"33":{"start":{"line":34,"column":0},"end":{"line":34,"column":39}},"34":{"start":{"line":35,"column":0},"end":{"line":35,"column":20}},"35":{"start":{"line":36,"column":0},"end":{"line":36,"column":19}},"36":{"start":{"line":37,"column":0},"end":{"line":37,"column":19}},"37":{"start":{"line":38,"column":0},"end":{"line":38,"column":6}},"38":{"start":{"line":39,"column":0},"end":{"line":39,"column":5}},"40":{"start":{"line":41,"column":0},"end":{"line":41,"column":53}},"41":{"start":{"line":42,"column":0},"end":{"line":42,"column":42}},"42":{"start":{"line":43,"column":0},"end":{"line":43,"column":20}},"43":{"start":{"line":44,"column":0},"end":{"line":44,"column":19}},"44":{"start":{"line":45,"column":0},"end":{"line":45,"column":19}},"45":{"start":{"line":46,"column":0},"end":{"line":46,"column":26}},"46":{"start":{"line":47,"column":0},"end":{"line":47,"column":6}},"47":{"start":{"line":48,"column":0},"end":{"line":48,"column":5}},"49":{"start":{"line":50,"column":0},"end":{"line":50,"column":50}},"50":{"start":{"line":51,"column":0},"end":{"line":51,"column":36}},"51":{"start":{"line":52,"column":0},"end":{"line":52,"column":31}},"52":{"start":{"line":53,"column":0},"end":{"line":53,"column":3}},"54":{"start":{"line":55,"column":0},"end":{"line":55,"column":56}},"55":{"start":{"line":56,"column":0},"end":{"line":56,"column":36}},"56":{"start":{"line":57,"column":0},"end":{"line":57,"column":34}},"57":{"start":{"line":58,"column":0},"end":{"line":58,"column":3}},"59":{"start":{"line":60,"column":0},"end":{"line":60,"column":42}},"60":{"start":{"line":61,"column":0},"end":{"line":61,"column":21}},"61":{"start":{"line":62,"column":0},"end":{"line":62,"column":36}},"62":{"start":{"line":63,"column":0},"end":{"line":63,"column":26}},"63":{"start":{"line":64,"column":0},"end":{"line":64,"column":29}},"64":{"start":{"line":65,"column":0},"end":{"line":65,"column":3}},"66":{"start":{"line":67,"column":0},"end":{"line":67,"column":92}},"67":{"start":{"line":68,"column":0},"end":{"line":68,"column":86}},"68":{"start":{"line":69,"column":0},"end":{"line":69,"column":80}},"69":{"start":{"line":70,"column":0},"end":{"line":70,"column":92}},"71":{"start":{"line":72,"column":0},"end":{"line":72,"column":10}},"72":{"start":{"line":73,"column":0},"end":{"line":73,"column":172}},"74":{"start":{"line":75,"column":0},"end":{"line":75,"column":51}},"75":{"start":{"line":76,"column":0},"end":{"line":76,"column":23}},"76":{"start":{"line":77,"column":0},"end":{"line":77,"column":12}},"78":{"start":{"line":79,"column":0},"end":{"line":79,"column":49}},"79":{"start":{"line":80,"column":0},"end":{"line":80,"column":68}},"81":{"start":{"line":82,"column":0},"end":{"line":82,"column":61}},"82":{"start":{"line":83,"column":0},"end":{"line":83,"column":62}},"83":{"start":{"line":84,"column":0},"end":{"line":84,"column":21}},"84":{"start":{"line":85,"column":0},"end":{"line":85,"column":115}},"85":{"start":{"line":86,"column":0},"end":{"line":86,"column":28}},"86":{"start":{"line":87,"column":0},"end":{"line":87,"column":16}},"87":{"start":{"line":88,"column":0},"end":{"line":88,"column":18}},"89":{"start":{"line":90,"column":0},"end":{"line":90,"column":39}},"90":{"start":{"line":91,"column":0},"end":{"line":91,"column":87}},"92":{"start":{"line":93,"column":0},"end":{"line":93,"column":26}},"93":{"start":{"line":94,"column":0},"end":{"line":94,"column":73}},"94":{"start":{"line":95,"column":0},"end":{"line":95,"column":33}},"95":{"start":{"line":96,"column":0},"end":{"line":96,"column":72}},"96":{"start":{"line":97,"column":0},"end":{"line":97,"column":68}},"97":{"start":{"line":98,"column":0},"end":{"line":98,"column":32}},"98":{"start":{"line":99,"column":0},"end":{"line":99,"column":18}},"101":{"start":{"line":102,"column":0},"end":{"line":102,"column":104}},"102":{"start":{"line":103,"column":0},"end":{"line":103,"column":21}},"103":{"start":{"line":104,"column":0},"end":{"line":104,"column":29}},"104":{"start":{"line":105,"column":0},"end":{"line":105,"column":64}},"105":{"start":{"line":106,"column":0},"end":{"line":106,"column":25}},"106":{"start":{"line":107,"column":0},"end":{"line":107,"column":51}},"107":{"start":{"line":108,"column":0},"end":{"line":108,"column":77}},"109":{"start":{"line":110,"column":0},"end":{"line":110,"column":56}},"111":{"start":{"line":112,"column":0},"end":{"line":112,"column":23}},"112":{"start":{"line":113,"column":0},"end":{"line":113,"column":21}},"113":{"start":{"line":114,"column":0},"end":{"line":114,"column":29}},"114":{"start":{"line":115,"column":0},"end":{"line":115,"column":67}},"115":{"start":{"line":116,"column":0},"end":{"line":116,"column":25}},"116":{"start":{"line":117,"column":0},"end":{"line":117,"column":54}},"117":{"start":{"line":118,"column":0},"end":{"line":118,"column":77}},"119":{"start":{"line":120,"column":0},"end":{"line":120,"column":59}},"121":{"start":{"line":122,"column":0},"end":{"line":122,"column":23}},"122":{"start":{"line":123,"column":0},"end":{"line":123,"column":18}},"123":{"start":{"line":124,"column":0},"end":{"line":124,"column":23}},"125":{"start":{"line":126,"column":0},"end":{"line":126,"column":32}},"126":{"start":{"line":127,"column":0},"end":{"line":127,"column":25}},"127":{"start":{"line":128,"column":0},"end":{"line":128,"column":16}},"130":{"start":{"line":131,"column":0},"end":{"line":131,"column":50}},"132":{"start":{"line":133,"column":0},"end":{"line":133,"column":60}},"133":{"start":{"line":134,"column":0},"end":{"line":134,"column":169}},"134":{"start":{"line":135,"column":0},"end":{"line":135,"column":100}},"135":{"start":{"line":136,"column":0},"end":{"line":136,"column":86}},"136":{"start":{"line":137,"column":0},"end":{"line":137,"column":54}},"137":{"start":{"line":138,"column":0},"end":{"line":138,"column":42}},"138":{"start":{"line":139,"column":0},"end":{"line":139,"column":35}},"139":{"start":{"line":140,"column":0},"end":{"line":140,"column":22}},"143":{"start":{"line":144,"column":0},"end":{"line":144,"column":25}},"144":{"start":{"line":145,"column":0},"end":{"line":145,"column":90}},"145":{"start":{"line":146,"column":0},"end":{"line":146,"column":62}},"146":{"start":{"line":147,"column":0},"end":{"line":147,"column":54}},"147":{"start":{"line":148,"column":0},"end":{"line":148,"column":84}},"148":{"start":{"line":149,"column":0},"end":{"line":149,"column":29}},"149":{"start":{"line":150,"column":0},"end":{"line":150,"column":54}},"150":{"start":{"line":151,"column":0},"end":{"line":151,"column":44}},"151":{"start":{"line":152,"column":0},"end":{"line":152,"column":37}},"152":{"start":{"line":153,"column":0},"end":{"line":153,"column":79}},"153":{"start":{"line":154,"column":0},"end":{"line":154,"column":86}},"154":{"start":{"line":155,"column":0},"end":{"line":155,"column":35}},"155":{"start":{"line":156,"column":0},"end":{"line":156,"column":22}},"158":{"start":{"line":159,"column":0},"end":{"line":159,"column":47}},"159":{"start":{"line":160,"column":0},"end":{"line":160,"column":169}},"160":{"start":{"line":161,"column":0},"end":{"line":161,"column":100}},"161":{"start":{"line":162,"column":0},"end":{"line":162,"column":83}},"162":{"start":{"line":163,"column":0},"end":{"line":163,"column":54}},"164":{"start":{"line":165,"column":0},"end":{"line":165,"column":35}},"165":{"start":{"line":166,"column":0},"end":{"line":166,"column":22}},"168":{"start":{"line":169,"column":0},"end":{"line":169,"column":27}},"169":{"start":{"line":170,"column":0},"end":{"line":170,"column":111}},"170":{"start":{"line":171,"column":0},"end":{"line":171,"column":91}},"171":{"start":{"line":172,"column":0},"end":{"line":172,"column":78}},"172":{"start":{"line":173,"column":0},"end":{"line":173,"column":54}},"173":{"start":{"line":174,"column":0},"end":{"line":174,"column":35}},"174":{"start":{"line":175,"column":0},"end":{"line":175,"column":76}},"175":{"start":{"line":176,"column":0},"end":{"line":176,"column":72}},"176":{"start":{"line":177,"column":0},"end":{"line":177,"column":35}},"177":{"start":{"line":178,"column":0},"end":{"line":178,"column":22}},"181":{"start":{"line":182,"column":0},"end":{"line":182,"column":33}},"182":{"start":{"line":183,"column":0},"end":{"line":183,"column":35}},"183":{"start":{"line":184,"column":0},"end":{"line":184,"column":93}},"184":{"start":{"line":185,"column":0},"end":{"line":185,"column":28}},"185":{"start":{"line":186,"column":0},"end":{"line":186,"column":47}},"186":{"start":{"line":187,"column":0},"end":{"line":187,"column":35}},"187":{"start":{"line":188,"column":0},"end":{"line":188,"column":44}},"188":{"start":{"line":189,"column":0},"end":{"line":189,"column":32}},"189":{"start":{"line":190,"column":0},"end":{"line":190,"column":85}},"191":{"start":{"line":192,"column":0},"end":{"line":192,"column":36}},"192":{"start":{"line":193,"column":0},"end":{"line":193,"column":37}},"193":{"start":{"line":194,"column":0},"end":{"line":194,"column":52}},"194":{"start":{"line":195,"column":0},"end":{"line":195,"column":123}},"195":{"start":{"line":196,"column":0},"end":{"line":196,"column":34}},"196":{"start":{"line":197,"column":0},"end":{"line":197,"column":41}},"197":{"start":{"line":198,"column":0},"end":{"line":198,"column":65}},"198":{"start":{"line":199,"column":0},"end":{"line":199,"column":53}},"199":{"start":{"line":200,"column":0},"end":{"line":200,"column":63}},"200":{"start":{"line":201,"column":0},"end":{"line":201,"column":54}},"201":{"start":{"line":202,"column":0},"end":{"line":202,"column":40}},"202":{"start":{"line":203,"column":0},"end":{"line":203,"column":30}},"203":{"start":{"line":204,"column":0},"end":{"line":204,"column":32}},"204":{"start":{"line":205,"column":0},"end":{"line":205,"column":38}},"205":{"start":{"line":206,"column":0},"end":{"line":206,"column":39}},"206":{"start":{"line":207,"column":0},"end":{"line":207,"column":33}},"208":{"start":{"line":209,"column":0},"end":{"line":209,"column":20}},"210":{"start":{"line":211,"column":0},"end":{"line":211,"column":28}},"211":{"start":{"line":212,"column":0},"end":{"line":212,"column":47}},"212":{"start":{"line":213,"column":0},"end":{"line":213,"column":35}},"213":{"start":{"line":214,"column":0},"end":{"line":214,"column":44}},"214":{"start":{"line":215,"column":0},"end":{"line":215,"column":32}},"215":{"start":{"line":216,"column":0},"end":{"line":216,"column":85}},"217":{"start":{"line":218,"column":0},"end":{"line":218,"column":36}},"218":{"start":{"line":219,"column":0},"end":{"line":219,"column":37}},"219":{"start":{"line":220,"column":0},"end":{"line":220,"column":52}},"220":{"start":{"line":221,"column":0},"end":{"line":221,"column":119}},"221":{"start":{"line":222,"column":0},"end":{"line":222,"column":34}},"222":{"start":{"line":223,"column":0},"end":{"line":223,"column":45}},"223":{"start":{"line":224,"column":0},"end":{"line":224,"column":63}},"224":{"start":{"line":225,"column":0},"end":{"line":225,"column":61}},"225":{"start":{"line":226,"column":0},"end":{"line":226,"column":63}},"226":{"start":{"line":227,"column":0},"end":{"line":227,"column":54}},"227":{"start":{"line":228,"column":0},"end":{"line":228,"column":40}},"228":{"start":{"line":229,"column":0},"end":{"line":229,"column":30}},"229":{"start":{"line":230,"column":0},"end":{"line":230,"column":32}},"230":{"start":{"line":231,"column":0},"end":{"line":231,"column":38}},"231":{"start":{"line":232,"column":0},"end":{"line":232,"column":39}},"232":{"start":{"line":233,"column":0},"end":{"line":233,"column":33}},"234":{"start":{"line":235,"column":0},"end":{"line":235,"column":20}},"236":{"start":{"line":237,"column":0},"end":{"line":237,"column":25}},"237":{"start":{"line":238,"column":0},"end":{"line":238,"column":33}},"238":{"start":{"line":239,"column":0},"end":{"line":239,"column":95}},"239":{"start":{"line":240,"column":0},"end":{"line":240,"column":53}},"241":{"start":{"line":242,"column":0},"end":{"line":242,"column":34}},"242":{"start":{"line":243,"column":0},"end":{"line":243,"column":24}},"243":{"start":{"line":244,"column":0},"end":{"line":244,"column":73}},"245":{"start":{"line":246,"column":0},"end":{"line":246,"column":25}},"246":{"start":{"line":247,"column":0},"end":{"line":247,"column":37}},"247":{"start":{"line":248,"column":0},"end":{"line":248,"column":24}},"248":{"start":{"line":249,"column":0},"end":{"line":249,"column":65}},"250":{"start":{"line":251,"column":0},"end":{"line":251,"column":25}},"252":{"start":{"line":253,"column":0},"end":{"line":253,"column":41}},"254":{"start":{"line":255,"column":0},"end":{"line":255,"column":27}},"255":{"start":{"line":256,"column":0},"end":{"line":256,"column":23}},"256":{"start":{"line":257,"column":0},"end":{"line":257,"column":21}},"259":{"start":{"line":260,"column":0},"end":{"line":260,"column":38}},"260":{"start":{"line":261,"column":0},"end":{"line":261,"column":99}},"261":{"start":{"line":262,"column":0},"end":{"line":262,"column":28}},"262":{"start":{"line":263,"column":0},"end":{"line":263,"column":50}},"263":{"start":{"line":264,"column":0},"end":{"line":264,"column":35}},"264":{"start":{"line":265,"column":0},"end":{"line":265,"column":44}},"265":{"start":{"line":266,"column":0},"end":{"line":266,"column":32}},"266":{"start":{"line":267,"column":0},"end":{"line":267,"column":85}},"268":{"start":{"line":269,"column":0},"end":{"line":269,"column":36}},"269":{"start":{"line":270,"column":0},"end":{"line":270,"column":37}},"270":{"start":{"line":271,"column":0},"end":{"line":271,"column":52}},"271":{"start":{"line":272,"column":0},"end":{"line":272,"column":123}},"272":{"start":{"line":273,"column":0},"end":{"line":273,"column":34}},"273":{"start":{"line":274,"column":0},"end":{"line":274,"column":41}},"274":{"start":{"line":275,"column":0},"end":{"line":275,"column":73}},"275":{"start":{"line":276,"column":0},"end":{"line":276,"column":53}},"276":{"start":{"line":277,"column":0},"end":{"line":277,"column":50}},"277":{"start":{"line":278,"column":0},"end":{"line":278,"column":54}},"278":{"start":{"line":279,"column":0},"end":{"line":279,"column":40}},"279":{"start":{"line":280,"column":0},"end":{"line":280,"column":30}},"280":{"start":{"line":281,"column":0},"end":{"line":281,"column":32}},"281":{"start":{"line":282,"column":0},"end":{"line":282,"column":38}},"282":{"start":{"line":283,"column":0},"end":{"line":283,"column":39}},"283":{"start":{"line":284,"column":0},"end":{"line":284,"column":33}},"285":{"start":{"line":286,"column":0},"end":{"line":286,"column":20}},"287":{"start":{"line":288,"column":0},"end":{"line":288,"column":28}},"288":{"start":{"line":289,"column":0},"end":{"line":289,"column":50}},"289":{"start":{"line":290,"column":0},"end":{"line":290,"column":35}},"290":{"start":{"line":291,"column":0},"end":{"line":291,"column":44}},"291":{"start":{"line":292,"column":0},"end":{"line":292,"column":32}},"292":{"start":{"line":293,"column":0},"end":{"line":293,"column":85}},"294":{"start":{"line":295,"column":0},"end":{"line":295,"column":36}},"295":{"start":{"line":296,"column":0},"end":{"line":296,"column":37}},"296":{"start":{"line":297,"column":0},"end":{"line":297,"column":52}},"297":{"start":{"line":298,"column":0},"end":{"line":298,"column":119}},"298":{"start":{"line":299,"column":0},"end":{"line":299,"column":34}},"299":{"start":{"line":300,"column":0},"end":{"line":300,"column":45}},"300":{"start":{"line":301,"column":0},"end":{"line":301,"column":84}},"301":{"start":{"line":302,"column":0},"end":{"line":302,"column":57}},"302":{"start":{"line":303,"column":0},"end":{"line":303,"column":50}},"303":{"start":{"line":304,"column":0},"end":{"line":304,"column":54}},"304":{"start":{"line":305,"column":0},"end":{"line":305,"column":40}},"305":{"start":{"line":306,"column":0},"end":{"line":306,"column":30}},"306":{"start":{"line":307,"column":0},"end":{"line":307,"column":32}},"307":{"start":{"line":308,"column":0},"end":{"line":308,"column":38}},"308":{"start":{"line":309,"column":0},"end":{"line":309,"column":39}},"309":{"start":{"line":310,"column":0},"end":{"line":310,"column":33}},"311":{"start":{"line":312,"column":0},"end":{"line":312,"column":20}},"313":{"start":{"line":314,"column":0},"end":{"line":314,"column":28}},"314":{"start":{"line":315,"column":0},"end":{"line":315,"column":50}},"315":{"start":{"line":316,"column":0},"end":{"line":316,"column":42}},"316":{"start":{"line":317,"column":0},"end":{"line":317,"column":44}},"317":{"start":{"line":318,"column":0},"end":{"line":318,"column":32}},"318":{"start":{"line":319,"column":0},"end":{"line":319,"column":85}},"320":{"start":{"line":321,"column":0},"end":{"line":321,"column":36}},"321":{"start":{"line":322,"column":0},"end":{"line":322,"column":37}},"322":{"start":{"line":323,"column":0},"end":{"line":323,"column":52}},"323":{"start":{"line":324,"column":0},"end":{"line":324,"column":119}},"324":{"start":{"line":325,"column":0},"end":{"line":325,"column":34}},"325":{"start":{"line":326,"column":0},"end":{"line":326,"column":45}},"326":{"start":{"line":327,"column":0},"end":{"line":327,"column":71}},"327":{"start":{"line":328,"column":0},"end":{"line":328,"column":57}},"328":{"start":{"line":329,"column":0},"end":{"line":329,"column":50}},"329":{"start":{"line":330,"column":0},"end":{"line":330,"column":54}},"330":{"start":{"line":331,"column":0},"end":{"line":331,"column":40}},"331":{"start":{"line":332,"column":0},"end":{"line":332,"column":30}},"332":{"start":{"line":333,"column":0},"end":{"line":333,"column":32}},"333":{"start":{"line":334,"column":0},"end":{"line":334,"column":38}},"334":{"start":{"line":335,"column":0},"end":{"line":335,"column":39}},"335":{"start":{"line":336,"column":0},"end":{"line":336,"column":33}},"337":{"start":{"line":338,"column":0},"end":{"line":338,"column":20}},"339":{"start":{"line":340,"column":0},"end":{"line":340,"column":25}},"340":{"start":{"line":341,"column":0},"end":{"line":341,"column":33}},"341":{"start":{"line":342,"column":0},"end":{"line":342,"column":95}},"342":{"start":{"line":343,"column":0},"end":{"line":343,"column":40}},"344":{"start":{"line":345,"column":0},"end":{"line":345,"column":34}},"345":{"start":{"line":346,"column":0},"end":{"line":346,"column":24}},"346":{"start":{"line":347,"column":0},"end":{"line":347,"column":73}},"348":{"start":{"line":349,"column":0},"end":{"line":349,"column":25}},"350":{"start":{"line":351,"column":0},"end":{"line":351,"column":35}},"352":{"start":{"line":353,"column":0},"end":{"line":353,"column":27}},"353":{"start":{"line":354,"column":0},"end":{"line":354,"column":23}},"354":{"start":{"line":355,"column":0},"end":{"line":355,"column":21}},"356":{"start":{"line":357,"column":0},"end":{"line":357,"column":24}},"359":{"start":{"line":360,"column":0},"end":{"line":360,"column":119}},"360":{"start":{"line":361,"column":0},"end":{"line":361,"column":101}},"361":{"start":{"line":362,"column":0},"end":{"line":362,"column":73}},"362":{"start":{"line":363,"column":0},"end":{"line":363,"column":71}},"363":{"start":{"line":364,"column":0},"end":{"line":364,"column":18}},"364":{"start":{"line":365,"column":0},"end":{"line":365,"column":23}},"365":{"start":{"line":366,"column":0},"end":{"line":366,"column":15}},"366":{"start":{"line":367,"column":0},"end":{"line":367,"column":12}},"367":{"start":{"line":368,"column":0},"end":{"line":368,"column":10}},"369":{"start":{"line":370,"column":0},"end":{"line":370,"column":1}}},"s":{"0":1,"20":1,"21":36,"22":36,"24":36,"25":36,"26":1,"27":1,"28":1,"29":1,"30":36,"32":36,"33":36,"34":36,"35":36,"36":36,"37":36,"38":36,"40":36,"41":36,"42":36,"43":36,"44":36,"45":36,"46":36,"47":36,"49":36,"50":1,"51":1,"52":1,"54":36,"55":1,"56":1,"57":1,"59":36,"60":3,"61":3,"62":3,"63":3,"64":3,"66":36,"67":36,"68":36,"69":36,"71":36,"72":36,"74":36,"75":36,"76":36,"78":36,"79":36,"81":36,"82":36,"83":36,"84":36,"85":36,"86":36,"87":36,"89":36,"90":36,"92":36,"93":36,"94":36,"95":23,"96":12,"97":36,"98":36,"101":36,"102":36,"103":36,"104":36,"105":36,"106":36,"107":36,"109":36,"111":36,"112":36,"113":36,"114":36,"115":36,"116":36,"117":36,"119":36,"121":36,"122":36,"123":36,"125":36,"126":36,"127":36,"130":36,"132":36,"133":1,"134":1,"135":1,"136":1,"137":1,"138":1,"139":1,"143":36,"144":2,"145":2,"146":2,"147":2,"148":2,"149":2,"150":2,"151":0,"152":0,"153":0,"154":2,"155":2,"158":36,"159":2,"160":2,"161":2,"162":2,"164":2,"165":2,"168":36,"169":2,"170":2,"171":2,"172":2,"173":2,"174":2,"175":0,"176":2,"177":2,"181":36,"182":23,"183":23,"184":23,"185":23,"186":23,"187":23,"188":28,"189":28,"191":28,"192":28,"193":28,"194":28,"195":28,"196":28,"197":28,"198":28,"199":28,"200":28,"201":28,"202":28,"203":28,"204":28,"205":28,"206":28,"208":23,"210":23,"211":23,"212":23,"213":23,"214":34,"215":34,"217":34,"218":34,"219":34,"220":34,"221":34,"222":34,"223":34,"224":34,"225":34,"226":34,"227":34,"228":34,"229":34,"230":34,"231":34,"232":34,"234":23,"236":23,"237":23,"238":23,"239":23,"241":23,"242":2,"243":2,"245":2,"246":21,"247":2,"248":2,"250":2,"252":19,"254":23,"255":23,"256":23,"259":12,"260":12,"261":12,"262":12,"263":12,"264":12,"265":35,"266":35,"268":35,"269":35,"270":35,"271":35,"272":35,"273":35,"274":35,"275":35,"276":35,"277":35,"278":35,"279":35,"280":35,"281":35,"282":35,"283":35,"285":12,"287":12,"288":12,"289":12,"290":12,"291":23,"292":23,"294":23,"295":23,"296":23,"297":23,"298":23,"299":23,"300":23,"301":23,"302":23,"303":23,"304":23,"305":23,"306":23,"307":23,"308":23,"309":23,"311":12,"313":12,"314":12,"315":12,"316":12,"317":20,"318":20,"320":20,"321":20,"322":20,"323":20,"324":20,"325":20,"326":20,"327":20,"328":20,"329":20,"330":20,"331":20,"332":20,"333":20,"334":20,"335":20,"337":12,"339":12,"340":12,"341":12,"342":12,"344":12,"345":0,"346":0,"348":0,"350":12,"352":12,"353":12,"354":12,"356":36,"359":36,"360":36,"361":36,"362":36,"363":36,"364":36,"365":36,"366":36,"367":36,"369":36},"branchMap":{"0":{"type":"branch","line":21,"loc":{"start":{"line":21,"column":7},"end":{"line":370,"column":1}},"locations":[{"start":{"line":21,"column":7},"end":{"line":370,"column":1}}]},"1":{"type":"branch","line":67,"loc":{"start":{"line":67,"column":29},"end":{"line":67,"column":65}},"locations":[{"start":{"line":67,"column":29},"end":{"line":67,"column":65}}]},"2":{"type":"branch","line":67,"loc":{"start":{"line":67,"column":53},"end":{"line":67,"column":92}},"locations":[{"start":{"line":67,"column":53},"end":{"line":67,"column":92}}]},"3":{"type":"branch","line":68,"loc":{"start":{"line":68,"column":27},"end":{"line":68,"column":61}},"locations":[{"start":{"line":68,"column":27},"end":{"line":68,"column":61}}]},"4":{"type":"branch","line":68,"loc":{"start":{"line":68,"column":51},"end":{"line":68,"column":86}},"locations":[{"start":{"line":68,"column":51},"end":{"line":68,"column":86}}]},"5":{"type":"branch","line":69,"loc":{"start":{"line":69,"column":25},"end":{"line":69,"column":57}},"locations":[{"start":{"line":69,"column":25},"end":{"line":69,"column":57}}]},"6":{"type":"branch","line":69,"loc":{"start":{"line":69,"column":49},"end":{"line":69,"column":80}},"locations":[{"start":{"line":69,"column":49},"end":{"line":69,"column":80}}]},"7":{"type":"branch","line":70,"loc":{"start":{"line":70,"column":29},"end":{"line":70,"column":65}},"locations":[{"start":{"line":70,"column":29},"end":{"line":70,"column":65}}]},"8":{"type":"branch","line":70,"loc":{"start":{"line":70,"column":53},"end":{"line":70,"column":92}},"locations":[{"start":{"line":70,"column":53},"end":{"line":70,"column":92}}]},"9":{"type":"branch","line":95,"loc":{"start":{"line":95,"column":26},"end":{"line":96,"column":72}},"locations":[{"start":{"line":95,"column":26},"end":{"line":96,"column":72}}]},"10":{"type":"branch","line":96,"loc":{"start":{"line":96,"column":20},"end":{"line":97,"column":68}},"locations":[{"start":{"line":96,"column":20},"end":{"line":97,"column":68}}]},"11":{"type":"branch","line":105,"loc":{"start":{"line":105,"column":34},"end":{"line":105,"column":56}},"locations":[{"start":{"line":105,"column":34},"end":{"line":105,"column":56}}]},"12":{"type":"branch","line":105,"loc":{"start":{"line":105,"column":44},"end":{"line":105,"column":64}},"locations":[{"start":{"line":105,"column":44},"end":{"line":105,"column":64}}]},"13":{"type":"branch","line":115,"loc":{"start":{"line":115,"column":34},"end":{"line":115,"column":59}},"locations":[{"start":{"line":115,"column":34},"end":{"line":115,"column":59}}]},"14":{"type":"branch","line":115,"loc":{"start":{"line":115,"column":47},"end":{"line":115,"column":67}},"locations":[{"start":{"line":115,"column":47},"end":{"line":115,"column":67}}]},"15":{"type":"branch","line":133,"loc":{"start":{"line":133,"column":13},"end":{"line":133,"column":60}},"locations":[{"start":{"line":133,"column":13},"end":{"line":133,"column":60}}]},"16":{"type":"branch","line":133,"loc":{"start":{"line":133,"column":48},"end":{"line":140,"column":22}},"locations":[{"start":{"line":133,"column":48},"end":{"line":140,"column":22}}]},"17":{"type":"branch","line":144,"loc":{"start":{"line":144,"column":13},"end":{"line":156,"column":22}},"locations":[{"start":{"line":144,"column":13},"end":{"line":156,"column":22}}]},"18":{"type":"branch","line":148,"loc":{"start":{"line":148,"column":38},"end":{"line":148,"column":84}},"locations":[{"start":{"line":148,"column":38},"end":{"line":148,"column":84}}]},"19":{"type":"branch","line":151,"loc":{"start":{"line":151,"column":40},"end":{"line":154,"column":86}},"locations":[{"start":{"line":151,"column":40},"end":{"line":154,"column":86}}]},"20":{"type":"branch","line":159,"loc":{"start":{"line":159,"column":13},"end":{"line":159,"column":47}},"locations":[{"start":{"line":159,"column":13},"end":{"line":159,"column":47}}]},"21":{"type":"branch","line":159,"loc":{"start":{"line":159,"column":35},"end":{"line":166,"column":22}},"locations":[{"start":{"line":159,"column":35},"end":{"line":166,"column":22}}]},"22":{"type":"branch","line":169,"loc":{"start":{"line":169,"column":13},"end":{"line":178,"column":22}},"locations":[{"start":{"line":169,"column":13},"end":{"line":178,"column":22}}]},"23":{"type":"branch","line":175,"loc":{"start":{"line":175,"column":22},"end":{"line":176,"column":72}},"locations":[{"start":{"line":175,"column":22},"end":{"line":176,"column":72}}]},"24":{"type":"branch","line":182,"loc":{"start":{"line":182,"column":22},"end":{"line":257,"column":21}},"locations":[{"start":{"line":182,"column":22},"end":{"line":257,"column":21}}]},"25":{"type":"branch","line":240,"loc":{"start":{"line":240,"column":30},"end":{"line":240,"column":53}},"locations":[{"start":{"line":240,"column":30},"end":{"line":240,"column":53}}]},"26":{"type":"branch","line":242,"loc":{"start":{"line":242,"column":21},"end":{"line":246,"column":25}},"locations":[{"start":{"line":242,"column":21},"end":{"line":246,"column":25}}]},"27":{"type":"branch","line":246,"loc":{"start":{"line":246,"column":22},"end":{"line":253,"column":41}},"locations":[{"start":{"line":246,"column":22},"end":{"line":253,"column":41}}]},"28":{"type":"branch","line":247,"loc":{"start":{"line":247,"column":24},"end":{"line":251,"column":25}},"locations":[{"start":{"line":247,"column":24},"end":{"line":251,"column":25}}]},"29":{"type":"branch","line":251,"loc":{"start":{"line":251,"column":22},"end":{"line":253,"column":41}},"locations":[{"start":{"line":251,"column":22},"end":{"line":253,"column":41}}]},"30":{"type":"branch","line":257,"loc":{"start":{"line":257,"column":14},"end":{"line":355,"column":21}},"locations":[{"start":{"line":257,"column":14},"end":{"line":355,"column":21}}]},"31":{"type":"branch","line":345,"loc":{"start":{"line":345,"column":21},"end":{"line":349,"column":25}},"locations":[{"start":{"line":345,"column":21},"end":{"line":349,"column":25}}]},"32":{"type":"branch","line":26,"loc":{"start":{"line":26,"column":39},"end":{"line":31,"column":3}},"locations":[{"start":{"line":26,"column":39},"end":{"line":31,"column":3}}]},"33":{"type":"branch","line":50,"loc":{"start":{"line":50,"column":2},"end":{"line":53,"column":3}},"locations":[{"start":{"line":50,"column":2},"end":{"line":53,"column":3}}]},"34":{"type":"branch","line":55,"loc":{"start":{"line":55,"column":2},"end":{"line":58,"column":3}},"locations":[{"start":{"line":55,"column":2},"end":{"line":58,"column":3}}]},"35":{"type":"branch","line":60,"loc":{"start":{"line":60,"column":2},"end":{"line":65,"column":3}},"locations":[{"start":{"line":60,"column":2},"end":{"line":65,"column":3}}]},"36":{"type":"branch","line":117,"loc":{"start":{"line":117,"column":25},"end":{"line":117,"column":54}},"locations":[{"start":{"line":117,"column":25},"end":{"line":117,"column":54}}]},"37":{"type":"branch","line":188,"loc":{"start":{"line":188,"column":28},"end":{"line":207,"column":33}},"locations":[{"start":{"line":188,"column":28},"end":{"line":207,"column":33}}]},"38":{"type":"branch","line":200,"loc":{"start":{"line":200,"column":40},"end":{"line":200,"column":63}},"locations":[{"start":{"line":200,"column":40},"end":{"line":200,"column":63}}]},"39":{"type":"branch","line":214,"loc":{"start":{"line":214,"column":28},"end":{"line":233,"column":33}},"locations":[{"start":{"line":214,"column":28},"end":{"line":233,"column":33}}]},"40":{"type":"branch","line":226,"loc":{"start":{"line":226,"column":40},"end":{"line":226,"column":63}},"locations":[{"start":{"line":226,"column":40},"end":{"line":226,"column":63}}]},"41":{"type":"branch","line":265,"loc":{"start":{"line":265,"column":28},"end":{"line":284,"column":33}},"locations":[{"start":{"line":265,"column":28},"end":{"line":284,"column":33}}]},"42":{"type":"branch","line":291,"loc":{"start":{"line":291,"column":28},"end":{"line":310,"column":33}},"locations":[{"start":{"line":291,"column":28},"end":{"line":310,"column":33}}]},"43":{"type":"branch","line":317,"loc":{"start":{"line":317,"column":28},"end":{"line":336,"column":33}},"locations":[{"start":{"line":317,"column":28},"end":{"line":336,"column":33}}]}},"b":{"0":[36],"1":[23],"2":[12],"3":[23],"4":[12],"5":[23],"6":[12],"7":[23],"8":[12],"9":[23],"10":[12],"11":[23],"12":[12],"13":[12],"14":[23],"15":[1],"16":[1],"17":[2],"18":[0],"19":[0],"20":[2],"21":[2],"22":[2],"23":[0],"24":[23],"25":[21],"26":[2],"27":[21],"28":[2],"29":[19],"30":[12],"31":[0],"32":[1],"33":[1],"34":[1],"35":[3],"36":[3],"37":[28],"38":[26],"39":[34],"40":[32],"41":[35],"42":[23],"43":[20]},"fnMap":{"0":{"name":"LoginPage","decl":{"start":{"line":21,"column":7},"end":{"line":370,"column":1}},"loc":{"start":{"line":21,"column":7},"end":{"line":370,"column":1}},"line":21},"1":{"name":"onLoginSubmit","decl":{"start":{"line":50,"column":2},"end":{"line":53,"column":3}},"loc":{"start":{"line":50,"column":2},"end":{"line":53,"column":3}},"line":50},"2":{"name":"onRegisterSubmit","decl":{"start":{"line":55,"column":2},"end":{"line":58,"column":3}},"loc":{"start":{"line":55,"column":2},"end":{"line":58,"column":3}},"line":55},"3":{"name":"switchMode","decl":{"start":{"line":60,"column":2},"end":{"line":65,"column":3}},"loc":{"start":{"line":60,"column":2},"end":{"line":65,"column":3}},"line":60},"4":{"name":"onClick","decl":{"start":{"line":107,"column":25},"end":{"line":107,"column":51}},"loc":{"start":{"line":107,"column":25},"end":{"line":107,"column":51}},"line":107},"5":{"name":"onClick","decl":{"start":{"line":117,"column":25},"end":{"line":117,"column":54}},"loc":{"start":{"line":117,"column":25},"end":{"line":117,"column":54}},"line":117},"6":{"name":"render","decl":{"start":{"line":188,"column":28},"end":{"line":207,"column":33}},"loc":{"start":{"line":188,"column":28},"end":{"line":207,"column":33}},"line":188},"7":{"name":"render","decl":{"start":{"line":214,"column":28},"end":{"line":233,"column":33}},"loc":{"start":{"line":214,"column":28},"end":{"line":233,"column":33}},"line":214},"8":{"name":"render","decl":{"start":{"line":265,"column":28},"end":{"line":284,"column":33}},"loc":{"start":{"line":265,"column":28},"end":{"line":284,"column":33}},"line":265},"9":{"name":"render","decl":{"start":{"line":291,"column":28},"end":{"line":310,"column":33}},"loc":{"start":{"line":291,"column":28},"end":{"line":310,"column":33}},"line":291},"10":{"name":"render","decl":{"start":{"line":317,"column":28},"end":{"line":336,"column":33}},"loc":{"start":{"line":317,"column":28},"end":{"line":336,"column":33}},"line":317}},"f":{"0":36,"1":1,"2":1,"3":3,"4":0,"5":3,"6":28,"7":34,"8":35,"9":23,"10":20}}
,"/home/pablo/Documentos/vehicle-dealer-system/frontend/src/modules/auth/pages/__tests__/login-page.test.tsx": {"path":"/home/pablo/Documentos/vehicle-dealer-system/frontend/src/modules/auth/pages/__tests__/login-page.test.tsx","all":false,"statementMap":{"0":{"start":{"line":1,"column":0},"end":{"line":1,"column":62}},"8":{"start":{"line":9,"column":0},"end":{"line":9,"column":32}},"9":{"start":{"line":10,"column":0},"end":{"line":10,"column":35}},"11":{"start":{"line":12,"column":0},"end":{"line":12,"column":47}},"13":{"start":{"line":14,"column":0},"end":{"line":14,"column":22}},"14":{"start":{"line":15,"column":0},"end":{"line":15,"column":26}},"15":{"start":{"line":16,"column":0},"end":{"line":16,"column":19}},"16":{"start":{"line":17,"column":0},"end":{"line":17,"column":17}},"17":{"start":{"line":18,"column":0},"end":{"line":18,"column":30}},"18":{"start":{"line":19,"column":0},"end":{"line":19,"column":19}},"19":{"start":{"line":20,"column":0},"end":{"line":20,"column":17}},"20":{"start":{"line":21,"column":0},"end":{"line":21,"column":2}},"37":{"start":{"line":38,"column":0},"end":{"line":38,"column":28}},"38":{"start":{"line":39,"column":0},"end":{"line":39,"column":39}},"39":{"start":{"line":40,"column":0},"end":{"line":40,"column":50}},"40":{"start":{"line":41,"column":0},"end":{"line":41,"column":5}},"42":{"start":{"line":43,"column":0},"end":{"line":43,"column":10}},"43":{"start":{"line":44,"column":0},"end":{"line":44,"column":28}},"44":{"start":{"line":45,"column":0},"end":{"line":45,"column":14}},"45":{"start":{"line":46,"column":0},"end":{"line":46,"column":48}},"46":{"start":{"line":47,"column":0},"end":{"line":47,"column":23}},"47":{"start":{"line":48,"column":0},"end":{"line":48,"column":23}},"48":{"start":{"line":49,"column":0},"end":{"line":49,"column":24}},"49":{"start":{"line":50,"column":0},"end":{"line":50,"column":28}},"50":{"start":{"line":51,"column":0},"end":{"line":51,"column":6}},"51":{"start":{"line":52,"column":0},"end":{"line":52,"col
[...]
,"/home/pablo/Documentos/vehicle-dealer-system/frontend/src/shared/types/api.ts": {"path":"/home/pablo/Documentos/vehicle-dealer-system/frontend/src/shared/types/api.ts","all":true,"statementMap":{},"s":{},"branchMap":{"0":{"type":"branch","line":1,"loc":{"start":{"line":1,"column":633},"end":{"line":32,"column":1}},"locations":[{"start":{"line":1,"column":633},"end":{"line":32,"column":1}}]}},"b":{"0":[1]},"fnMap":{"0":{"name":"(empty-report)","decl":{"start":{"line":1,"column":633},"end":{"line":32,"column":1}},"loc":{"start":{"line":1,"column":633},"end":{"line":32,"column":1}},"line":1}},"f":{"0":1}}
,"/home/pablo/Documentos/vehicle-dealer-system/frontend/src/shared/utils/formatters.ts": {"path":"/home/pablo/Documentos/vehicle-dealer-system/frontend/src/shared/utils/formatters.ts","all":false,"statementMap":{"3":{"start":{"line":4,"column":0},"end":{"line":4,"column":49}},"4":{"start":{"line":5,"column":0},"end":{"line":5,"column":55}},"5":{"start":{"line":6,"column":0},"end":{"line":6,"column":15}},"6":{"start":{"line":7,"column":0},"end":{"line":7,"column":37}},"7":{"start":{"line":8,"column":0},"end":{"line":8,"column":49}},"8":{"start":{"line":9,"column":0},"end":{"line":9,"column":39}},"9":{"start":{"line":10,"column":0},"end":{"line":10,"column":37}},"10":{"start":{"line":11,"column":0},"end":{"line":11,"column":1}},"13":{"start":{"line":14,"column":0},"end":{"line":14,"column":55}},"14":{"start":{"line":15,"column":0},"end":{"line":15,"column":29}},"15":{"start":{"line":16,"column":0},"end":{"line":16,"column":42}},"16":{"start":{"line":17,"column":0},"end":{"line":17,"column":39}},"17":{"start":{"line":18,"column":0},"end":{"line":18,"column":46}},"19":{"start":{"line":20,"column":0},"end":{"line":20,"column":7}},"20":{"start":{"line":21,"column":0},"end":{"line":21,"column":58}},"21":{"start":{"line":22,"column":0},"end":{"line":22,"column":16}},"22":{"start":{"line":23,"column":0},"end":{"line":23,"column":34}},"23":{"start":{"line":24,"column":0},"end":{"line":24,"column":56}},"24":{"start":{"line":25,"column":0},"end":{"line":25,"column":5}},"25":{"start":{"line":26,"column":0},"end":{"line":26,"column":29}},"26":{"start":{"line":27,"column":0},"end":{"line":27,"column":54}},"27":{"start":{"line":28,"column":0},"end":{"line":28,"column":63}},"29":{"start":{"line":30,"column":0},"end":{"line":30,"column":61}},"30":{"start":{"line":31,"column":0},"end":{"line":31,"column":12}},"31":{"start":{"line":32,"column":0},"end":{"line":32,"column":34}},"32":{"start":{"line":33,"column":0},"end":{"line":33,"column":56}},"33":{"start":{"line":34,"column":0},"end":{"line":34,"column":5}},"34":{"start":{"line":35,"column":0},"end":{"line":35,"column":25}},"35":{"start":{"line":36,"column":0},"end":{"line":36,"column":54}},"37":{"start":{"line":38,"column":0},"end":{"line":38,"column":52}},"38":{"start":{"line":39,"column":0},"end":{"line":39,"column":11}},"39":{"start":{"line":40,"column":0},"end":{"line":40,"column":17}},"40":{"start":{"line":41,"column":0},"end":{"line":41,"column":3}},"41":{"start":{"line":42,"column":0},"end":{"line":42,"column":1}},"44":{"start":{"line":45,"column":0},"end":{"line":45,"column":48}},"45":{"start":{"line":46,"column":0},"end":{"line":46,"column":54}},"46":{"start":{"line":47,"column":0},"end":{"line":47,"column":49}},"47":{"start":{"line":48,"column":0},"end":{"line":48,"column":1}},"49":{"start":{"line":50,"column":0},"end":{"line":50,"column":59}},"50":{"start":{"line":51,"column":0},"end":{"line":51,"column":23}},"51":{"start":{"line":52,"column":0},"end":{"line":52,"column":19}},"52":{"start":{"line":53,"column":0},"end":{"line":53,"column":15}},"53":{"start":{"line":54,"column":0},"end":{"line":54,"column":19}},"54":{"start":{"line":55,"column":0},"end":{"line":55,"column":23}},"55":{"start":{"line":56,"column":0},"end":{"line":56,"column":21}},"56":{"start":{"line":57,"column":0},"end":{"line":57,"column":2}},"58":{"start":{"line":59,"column":0},"end":{"line":59,"column":72}},"59":{"start":{"line":60,"column":0},"end":{"line":60,"column":45}},"60":{"start":{"line":61,"column":0},"end":{"line":61,"column":62}},"63":{"start":{"line":64,"column":0},"end":{"line":64,"column":66}},"64":{"start":{"line":65,"column":0},"end":{"line":65,"column":97}},"65":{"start":{"line":66,"column":0},"end":{"line":66,"column":103}},"66":{"start":{"line":67,"column":0},"end":{"line":67,"column":85}},"67":{"start":{"line":68,"column":0},"end":{"line":68,"column":91}},"68":{"start":{"line":69,"column":0},"end":{"line":69,"column":101}},"69":{"start":{"line":70,"column":0},"end":{"line":70,"column":92}},"70":{"start":{"line":71,"column":0},"end":{"line":71,"column":2}},"72":{"start":{"line":73,"column":0},"end":{"line":73,"column":59}},"73":{"start":{"line":74,"column":0},"end":{"line":74,"column":25}},"74":{"start":{"line":75,"column":0},"end":{"line":75,"column":43}},"75":{"start":{"line":76,"column":0},"end":{"line":76,"column":19}},"76":{"start":{"line":77,"column":0},"end":{"line":77,"column":21}},"77":{"start":{"line":78,"column":0},"end":{"line":78,"column":20}},"78":{"start":{"line":79,"column":0},"end":{"line":79,"column":29}},"79":{"start":{"line":80,"column":0},"end":{"line":80,"column":1}}},"s":{"3":1,"4":21,"5":21,"6":21,"7":21,"8":21,"9":21,"10":21,"13":1,"14":22,"15":19,"16":22,"17":22,"19":13,"20":13,"21":13,"22":22,"23":156,"24":156,"25":13,"26":22,"27":22,"29":11,"30":11,"31":22,"32":143,"33":143,"34":11,"35":22,"37":22,"38":22,"39":0,"40":0,"41":22,"44":1,"45":11,"46":11,"47":11,"49":1,"50":1,"51":1,"52":1,"53":1,"54":1,"55":1,"56":1,"58":1,"59":1,"60":1,"63":1,"64":1,"65":1,"66":1,"67":1,"68":1,"69":1,"70":1,"72":1,"73":4,"74":1,"75":1,"76":1,"77":1,"78":1,"79":1},"branchMap":{"0":{"type":"branch","line":4,"loc":{"start":{"line":4,"column":7},"end":{"line":11,"column":1}},"locations":[{"start":{"line":4,"column":7},"end":{"line":11,"column":1}}]},"1":{"type":"branch","line":14,"loc":{"start":{"line":14,"column":7},"end":{"line":42,"column":1}},"locations":[{"start":{"line":14,"column":7},"end":{"line":42,"column":1}}]},"2":{"type":"branch","line":15,"loc":{"start":{"line":15,"column":16},"end":{"line":15,"column":29}},"locations":[{"start":{"line":15,"column":16},"end":{"line":15,"column":29}}]},"3":{"type":"branch","line":15,"loc":{"start":{"line":15,"column":23},"end":{"line":17,"column":33}},"locations":[{"start":{"line":15,"column":23},"end":{"line":17,"column":33}}]},"4":{"type":"branch","line":17,"loc":{"start":{"line":17,"column":26},"end":{"line":17,"column":39}},"locations":[{"start":{"line":17,"column":26},"end":{"line":17,"column":39}}]},"5":{"type":"branch","line":17,"loc":{"start":{"line":17,"column":33},"end":{"line":18,"column":40}},"locations":[{"start":{"line":17,"column":33},"end":{"line":18,"column":40}}]},"6":{"type":"branch","line":18,"loc":{"start":{"line":18,"column":33},"end":{"line":18,"column":46}},"locations":[{"start":{"line":18,"column":33},"end":{"line":18,"column":46}}]},"7":{"type":"branch","line":18,"loc":{"start":{"line":18,"column":40},"end":{"line":23,"column":33}},"locations":[{"start":{"line":18,"column":40},"end":{"line":23,"column":33}}]},"8":{"type":"branch","line":23,"loc":{"start":{"line":23,"column":33},"end":{"line":25,"column":5}},"locations":[{"start":{"line":23,"column":33},"end":{"line":25,"column":5}}]},"9":{"type":"branch","line":25,"loc":{"start":{"line":25,"column":4},"end":{"line":27,"column":35}},"locations":[{"start":{"line":25,"column":4},"end":{"line":27,"column":35}}]},"10":{"type":"branch","line":27,"loc":{"start":{"line":27,"column":31},"end":{"line":27,"column":39}},"locations":[{"start":{"line":27,"column":31},"end":{"line":27,"column":39}}]},"11":{"type":"branch","line":27,"loc":{"start":{"line":27,"column":35},"end":{"line":27,"column":54}},"locations":[{"start":{"line":27,"column":35},"end":{"line":27,"column":54}}]},"12":{"type":"branch","line":28,"loc":{"start":{"line":28,"column":50},"end":{"line":28,"column":63}},"locations":[{"start":{"line":28,"column":50},"end":{"line":28,"column":63}}]},"13":{"type":"branch","line":28,"loc":{"start":{"line":28,"column":57},"end":{"line":32,"column":33}},"locations":[{"start":{"line":28,"column":57},"end":{"line":32,"column":33}}]},"14":{"type":"branch","line":32,"loc":{"start":{"line":32,"column":33},"end":{"line":34,"column":5}},"locations":[{"start":{"line":32,"column":33},"end":{"line":34,"column":5}}]},"15":{"type":"branch","line":34,"loc":{"start":{"line":34,"column":4},"end":{"line":36,"column":35}},"locations":[{"start":{"line":34,"column":4},"end":{"line":36,"column":35}}]},"16":{"type":"branch","line":36,"loc":{"start":{"line":36,"column":31},"end":{"line":36,"column":39}},"locations":[{"start":{"line":36,"column":31},"end":{"line":36,"column":39}}]},"17":{"type":"branch","line":36,"loc":{"start":{"line":36,"column":35},"end":{"line":36,"column":54}},"locations":[{"start":{"line":36,"column":35},"end":{"line":36,"column":54}}]},"18":{"type":"branch","line":39,"loc":{"start":{"line":39,"column":2},"end":{"line":41,"column":3}},"locations":[{"start":{"line":39,"column":2},"end":{"line":41,"column":3}}]},"19":{"type":"branch","line":45,"loc":{"start":{"line":45,"column":7},"end":{"line":48,"column":1}},"locations":[{"start":{"line":45,"column":7},"end":{"line":48,"column":1}}]},"20":{"type":"branch","line":61,"loc":{"start":{"line":61,"column":6},"end":{"line":61,"column":60}},"locations":[{"start":{"line":61,"column":6},"end":{"line":61,"column":60}}]},"21":{"type":"branch","line":73,"loc":{"start":{"line":73,"column":7},"end":{"line":80,"column":1}},"locations":[{"start":{"line":73,"column":7},"end":{"line":80,"column":1}}]},"22":{"type":"branch","line":74,"loc":{"start":{"line":74,"column":14},"end":{"line":74,"column":25}},"locations":[{"start":{"line":74,"column":14},"end":{"line":74,"column":25}}]},"23":{"type":"branch","line":74,"loc":{"start":{"line":74,"column":21},"end":{"line":80,"column":1}},"locations":[{"start":{"line":74,"column":21},"end":{"line":80,"column":1}}]}},"b":{"0":[21],"1":[22],"2":[3],"3":[19],"4":[3],"5":[16],"6":[3],"7":[13],"8":[156],"9":[13],"10":[0],"11":[13],"12":[2],"13":[11],"14":[143],"15":[11],"16":[0],"17":[11],"18":[0],"19":[11],"20":[60],"21":[4],"22":[3],"23":[1]},"fnMap":{"0":{"name":"maskCnpj","decl":{"start":{"line":4,"column":7},"end":{"line":11,"column":1}},"loc":{"start":{"line":4,"column":7},"end":{"line":11,"column":1}},"line":4},"1":{"name":"isValidCnpj","decl":{"start":{"line":14,"column":7},"end":{"line":42,"column":1}},"loc":{"start":{"line":14,"column":7},"end":{"line":42,"column":1}},"line":14},"2":{"name":"maskCep","decl":{"start":{"line":45,"column":7},"end":{"line":48,"column":1}},"loc":{"start":{"line":45,"column":7},"end":{"line":48,"column":1}},"line":45},"3":{"name":"formatDate","decl":{"start":{"line":73,"column":7},"end":{"line":80,"column":1}},"loc":{"start":{"line":73,"column":7},"end":{"line":80,"column":1}},"line":73}},"f":{"0":21,"1":22,"2":11,"3":4}}
,"/home/pablo/Documentos/vehicle-dealer-system/frontend/src/shared/utils/__tests__/formatters.test.ts": {"path":"/home/pablo/Documentos/vehicle-dealer-system/frontend/src/shared/utils/__tests__/formatters.test.ts","all":false,"statementMap":{"0":{"start":{"line":1,"column":0},"end":{"line":1,"column":46}},"9":{"start":{"line":10,"column":0},"end":{"line":10,"column":23}},"11":{"start":{"line":12,"column":0},"end":{"line":12,"column":36}},"12":{"start":{"line":13,"column":0},"end":{"line":13,"column":30}},"13":{"start":{"line":14,"column":0},"end":{"line":14,"column":67}},"14":{"start":{"line":15,"column":0},"end":{"line":15,"column":40}},"15":{"start":{"line":16,"column":0},"end":{"line":16,"column":43}},"16":{"start":{"line":17,"column":0},"end":{"line":17,"column":47}},"17":{"start":{"line":18,"column":0},"end":{"line":18,"column":54}},"18":{"start":{"line":19,"column":0},"end":{"line":19,"column":63}},"19":{"start":{"line":20,"column":0},"end":{"line":20,"column":68}},"20":{"start":{"line":21,"column":0},"end":{"line":21,"column":7}},"22":{"start":{"line":23,"column":0},"end":{"line":23,"column":78}},"23":{"start":{"line":24,"column":0},"end":{"line":24,"column":75}},"24":{"start":{"line":25,"column":0},"end":{"line":25,"column":7}},"25":{"start":{"line":26,"column":0},"end":{"line":26,"column":5}},"27":{"start":{"line":28,"column":0},"end":{"line":28,"column":33}},"28":{"start":{"line":29,"column":0},"end":{"line":29,"column":73}},"29":{"start":{"line":30,"column":0},"end":{"line":30,"column":42}},"30":{"start":{"line":31,"column":0},"end":{"line":31,"column":45}},"31":{"start":{"line":32,"column":0},"end":{"line":32,"column":57}},"32":{"start":{"line":33,"column":0},"end":{"line":33,"column":7}},"34":{"start":{"line":35,"column":0},"end":{"line":35,"column":63}},"35":{"start":{"line":36,"column":0},"end":{"line":36,"column":60}},"36":{"start":{"line":37,"column":0},"end":{"line":37,"column":60}},"37":{"start":{"line":38,"column":0},"end":{"line":38,"column":56}},"38":{"start":{"line":39,"column":0},"end":{"line":39,"column":7}},"40":{"start":{"line":41,"column":0},"end":{"line":41,"column":61}},"41":{"start":{"line":42,"column":0},"end":{"line":42,"column":59}},"42":{"start":{"line":43,"column":0},"end":{"line":43,"column":55}},"43":{"start":{"line":44,"column":0},"end":{"line":44,"column":59}},"44":{"start":{"line":45,"column":0},"end":{"line":45,"column":7}},"46":{"start":{"line":47,"column":0},"end":{"line":47,"column":62}},"47":{"start":{"line":48,"column":0},"end":{"line":48,"column":60}},"48":{"start":{"line":49,"column":0},"end":{"line":49,"column":60}},"49":{"start":{"line":50,"column":0},"end":{"line":50,"column":7}},"50":{"start":{"line":51,"column":0},"end":{"line":51,"column":5}},"52":{"start":{"line":53,"column":0},"end":{"line":53,"column":29}},"53":{"start":{"line":54,"column":0},"end":{"line":54,"column":64}},"54":{"start":{"line":55,"column":0},"end":{"line":55,"column":45}},"55":{"start":{"line":56,"column":0},"end":{"line":56,"column":52}},"56":{"start":{"line":57,"column":0},"end":{"line":57,"column":7}},"58":{"start":{"line":59,"column":0},"end":{"line":59,"column":77}},"59":{"start":{"line":60,"column":0},"end":{"line":60,"column":56}},"60":{"start":{"line":61,"column":0},"end":{"line":61,"column":7}},"61":{"start":{"line":62,"column":0},"end":{"line":62,"column":5}},"63":{"start":{"line":64,"column":0},"end":{"line":64,"column":32}},"64":{"start":{"line":65,"column":0},"end":{"line":65,"column":90}},"65":{"start":{"line":66,"column":0},"end":{"line":66,"column":41}},"66":{"start":{"line":67,"column":0},"end":{"line":67,"column":46}},"67":{"start":{"line":68,"column":0},"end":{"line":68,"column":39}},"68":{"start":{"line":69,"column":0},"end":{"line":69,"column":7}},"70":{"start":{"line":71,"column":0},"end":{"line":71,"column":75}},"71":{"start":{"line":72,"column":0},"end":{"line":72,"column":59}},"72":{"start":{"line":73,"column":0},"end":{"line":73,"column":48}},"73":{"start":{"line":74,"column":0},"end":{"line":74,"column":7}},"74":{"start":{"line":75,"column":0},"end":{"line":75,"column":5}},"76":{"start":{"line":77,"column":0},"end":{"line":77,"column":41}},"77":{"start":{"line":78,"column":0},"end":{"line":78,"column":70}},"78":{"start":{"line":79,"column":0},"end":{"line":79,"column":57}},"79":{"start":{"line":80,"column":0},"end":{"line":80,"column":49}},"80":{"start":{"line":81,"column":0},"end":{"line":81,"column":47}},"81":{"start":{"line":82,"column":0},"end":{"line":82,"column":66}},"82":{"start":{"line":83,"column":0},"end":{"line":83,"column":7}},"83":{"start":{"line":84,"column":0},"end":{"line":84,"column":5}},"84":{"start":{"line":85,"column":0},"end":{"line":85,"column":3}}},"s":{"0":1,"9":1,"11":1,"12":1,"13":1,"14":1,"15":1,"16":1,"17":1,"18":1,"19":1,"20":1,"22":1,"23":1,"24":1,"25":1,"27":1,"28":1,"29":1,"30":1,"31":1,"32":1,"34":1,"35":1,"36":1,"37":1,"38":1,"40":1,"41":1,"42":1,"43":1,"44":1,"46":1,"47":1,"48":1,"49":1,"50":1,"52":1,"53":1,"54":1,"55":1,"56":1,"58":1,"59":1,"60":1,"61":1,"63":1,"64":1,"65":1,"66":1,"67":1,"68":1,"70":1,"71":1,"72":1,"73":1,"74":1,"76":1,"77":1,"78":1,"79":1,"80":1,"81":1,"82":1,"83":1,"84":1},"branchMap":{"0":{"type":"branch","line":12,"loc":{"start":{"line":12,"column":29},"end":{"line":85,"column":3}},"locations":[{"start":{"line":12,"column":29},"end":{"line":85,"column":3}}]},"1":{"type":"branch","line":13,"loc":{"start":{"line":13,"column":23},"end":{"line":26,"column":3}},"locations":[{"start":{"line":13,"column":23},"end":{"line":26,"column":3}}]},"2":{"type":"branch","line":14,"loc":{"start":{"line":14,"column":60},"end":{"line":21,"column":5}},"locations":[{"start":{"line":14,"column":60},"end":{"line":21,"column":5}}]},"3":{"type":"branch","line":23,"loc":{"start":{"line":23,"column":71},"end":{"line":25,"column":5}},"locations":[{"start":{"line":23,"column":71},"end":{"line":25,"column":5}}]},"4":{"type":"branch","line":28,"loc":{"start":{"line":28,"column":26},"end":{"line":51,"column":3}},"locations":[{"start":{"line":28,"column":26},"end":{"line":51,"column":3}}]},"5":{"type":"branch","line":29,"loc":{"start":{"line":29,"column":66},"end":{"line":33,"column":5}},"locations":[{"start":{"line":29,"column":66},"end":{"line":33,"column":5}}]},"6":{"type":"branch","line":35,"loc":{"start":{"line":35,"column":56},"end":{"line":39,"column":5}},"locations":[{"start":{"line":35,"column":56},"end":{"line":39,"column":5}}]},"7":{"type":"branch","line":41,"loc":{"start":{"line":41,"column":54},"end":{"line":45,"column":5}},"locations":[{"start":{"line":41,"column":54},"end":{"line":45,"column":5}}]},"8":{"type":"branch","line":47,"loc":{"start":{"line":47,"column":55},"end":{"line":50,"column":5}},"locations":[{"start":{"line":47,"column":55},"end":{"line":50,"column":5}}]},"9":{"type":"branch","line":53,"loc":{"start":{"line":53,"column":22},"end":{"line":62,"column":3}},"locations":[{"start":{"line":53,"column":22},"end":{"line":62,"column":3}}]},"10":{"type":"branch","line":54,"loc":{"start":{"line":54,"column":57},"end":{"line":57,"column":5}},"locations":[{"start":{"line":54,"column":57},"end":{"line":57,"column":5}}]},"11":{"type":"branch","line":59,"loc":{"start":{"line":59,"column":70},"end":{"line":61,"column":5}},"locations":[{"start":{"line":59,"column":70},"end":{"line":61,"column":5}}]},"12":{"type":"branch","line":64,"loc":{"start":{"line":64,"column":25},"end":{"line":75,"column":3}},"locations":[{"start":{"line":64,"column":25},"end":{"line":75,"column":3}}]},"13":{"type":"branch","line":65,"loc":{"start":{"line":65,"column":83},"end":{"line":69,"column":5}},"locations":[{"start":{"line":65,"column":83},"end":{"line":69,"column":5}}]},"14":{"type":"branch","line":71,"loc":{"start":{"line":71,"column":68},"end":{"line":74,"column":5}},"locations":[{"start":{"line":71,"column":68},"end":{"line":74,"column":5}}]},"15":{"type":"branch","line":77,"loc":{"start":{"line":77,"column":34},"end":{"line":84,"column":3}},"locations":[{"start":{"line":77,"column":34},"end":{"line":84,"column":3}}]},"16":{"type":"branch","line":78,"loc":{"start":{"line":78,"column":63},"end":{"line":83,"column":5}},"locations":[{"start":{"line":78,"column":63},"end":{"line":83,"column":5}}]}},"b":{"0":[1],"1":[1],"2":[1],"3":[1],"4":[1],"5":[1],"6":[1],"7":[1],"8":[1],"9":[1],"10":[1],"11":[1],"12":[1],"13":[1],"14":[1],"15":[1],"16":[1]},"fnMap":{},"f":{}}
}
